{"/home/travis/build/npmtest/node-npmtest-gps-tracking/test.js":{"path":"/home/travis/build/npmtest/node-npmtest-gps-tracking/test.js","s":{"1":2,"2":2,"3":2,"4":2,"5":2,"6":2,"7":2,"8":1,"9":2,"10":2,"11":1,"12":1,"13":1,"14":1,"15":2,"16":2,"17":2,"18":2,"19":1,"20":1,"21":2,"22":2,"23":2,"24":1,"25":1,"26":1,"27":1,"28":1,"29":1,"30":1,"31":1,"32":1,"33":1,"34":1,"35":1,"36":1,"37":1,"38":1,"39":2,"40":2,"41":1,"42":2,"43":2,"44":1,"45":2,"46":2,"47":1,"48":2,"49":2,"50":1,"51":1,"52":1,"53":1,"54":1},"b":{"1":[2,1,1,1],"2":[1,1,1,1],"3":[1,1],"4":[1,1],"5":[1,1],"6":[1,1],"7":[1,1],"8":[1,1],"9":[1,1],"10":[1,1,1],"11":[1,1],"12":[1,1],"13":[1,1],"14":[1,1],"15":[1,1],"16":[1,1],"17":[1,1]},"f":{"1":2,"2":2,"3":2,"4":2,"5":2,"6":1,"7":1,"8":1,"9":2,"10":2,"11":2,"12":2,"13":1},"fnMap":{"1":{"name":"(anonymous_1)","line":12,"loc":{"start":{"line":12,"column":1},"end":{"line":12,"column":13}}},"2":{"name":"(anonymous_2)","line":19,"loc":{"start":{"line":19,"column":5},"end":{"line":19,"column":17}}},"3":{"name":"(anonymous_3)","line":23,"loc":{"start":{"line":23,"column":24},"end":{"line":23,"column":36}}},"4":{"name":"(anonymous_4)","line":61,"loc":{"start":{"line":61,"column":5},"end":{"line":61,"column":17}}},"5":{"name":"(anonymous_5)","line":82,"loc":{"start":{"line":82,"column":5},"end":{"line":82,"column":17}}},"6":{"name":"(anonymous_6)","line":91,"loc":{"start":{"line":91,"column":77},"end":{"line":94,"column":10}}},"7":{"name":"(anonymous_7)","line":112,"loc":{"start":{"line":112,"column":83},"end":{"line":115,"column":10}},"skip":true},"8":{"name":"(anonymous_8)","line":123,"loc":{"start":{"line":123,"column":77},"end":{"line":126,"column":10}},"skip":true},"9":{"name":"(anonymous_9)","line":139,"loc":{"start":{"line":139,"column":12},"end":{"line":139,"column":40}},"skip":true},"10":{"name":"(anonymous_10)","line":147,"loc":{"start":{"line":147,"column":77},"end":{"line":150,"column":10}},"skip":true},"11":{"name":"(anonymous_11)","line":158,"loc":{"start":{"line":158,"column":83},"end":{"line":161,"column":10}},"skip":true},"12":{"name":"(anonymous_12)","line":169,"loc":{"start":{"line":169,"column":79},"end":{"line":172,"column":10}},"skip":true},"13":{"name":"(anonymous_13)","line":180,"loc":{"start":{"line":180,"column":75},"end":{"line":183,"column":10}},"skip":true}},"statementMap":{"1":{"start":{"line":12,"column":0},"end":{"line":195,"column":5}},"2":{"start":{"line":14,"column":4},"end":{"line":14,"column":14}},"3":{"start":{"line":19,"column":4},"end":{"line":56,"column":9}},"4":{"start":{"line":21,"column":8},"end":{"line":21,"column":19}},"5":{"start":{"line":23,"column":8},"end":{"line":35,"column":13}},"6":{"start":{"line":24,"column":12},"end":{"line":34,"column":13}},"7":{"start":{"line":25,"column":16},"end":{"line":28,"column":30}},"8":{"start":{"line":30,"column":16},"end":{"line":33,"column":27}},"9":{"start":{"line":37,"column":8},"end":{"line":39,"column":21}},"10":{"start":{"line":40,"column":8},"end":{"line":53,"column":9}},"11":{"start":{"line":43,"column":12},"end":{"line":46,"column":14}},"12":{"start":{"line":47,"column":12},"end":{"line":47,"column":18}},"13":{"start":{"line":50,"column":12},"end":{"line":51,"column":33}},"14":{"start":{"line":52,"column":12},"end":{"line":52,"column":18}},"15":{"start":{"line":55,"column":8},"end":{"line":55,"column":35}},"16":{"start":{"line":61,"column":4},"end":{"line":63,"column":9}},"17":{"start":{"line":62,"column":8},"end":{"line":62,"column":15}},"18":{"start":{"line":64,"column":4},"end":{"line":77,"column":5}},"19":{"start":{"line":70,"column":8},"end":{"line":70,"column":14}},"20":{"start":{"line":76,"column":8},"end":{"line":76,"column":14}},"21":{"start":{"line":82,"column":4},"end":{"line":84,"column":9}},"22":{"start":{"line":83,"column":8},"end":{"line":83,"column":15}},"23":{"start":{"line":85,"column":4},"end":{"line":194,"column":5}},"24":{"start":{"line":91,"column":8},"end":{"line":99,"column":10}},"25":{"start":{"line":98,"column":12},"end":{"line":98,"column":35}},"26":{"start":{"line":102,"column":8},"end":{"line":104,"column":63}},"27":{"start":{"line":105,"column":8},"end":{"line":105,"column":14}},"28":{"start":{"line":112,"column":8},"end":{"line":121,"column":10},"skip":true},"29":{"start":{"line":119,"column":12},"end":{"line":119,"column":55},"skip":true},"30":{"start":{"line":120,"column":12},"end":{"line":120,"column":48},"skip":true},"31":{"start":{"line":123,"column":8},"end":{"line":136,"column":10},"skip":true},"32":{"start":{"line":130,"column":12},"end":{"line":130,"column":76},"skip":true},"33":{"start":{"line":131,"column":12},"end":{"line":131,"column":73},"skip":true},"34":{"start":{"line":132,"column":12},"end":{"line":132,"column":74},"skip":true},"35":{"start":{"line":133,"column":12},"end":{"line":133,"column":79},"skip":true},"36":{"start":{"line":134,"column":12},"end":{"line":134,"column":25},"skip":true},"37":{"start":{"line":135,"column":12},"end":{"line":135,"column":45},"skip":true},"38":{"start":{"line":138,"column":8},"end":{"line":145,"column":14},"skip":true},"39":{"start":{"line":143,"column":16},"end":{"line":143,"column":29},"skip":true},"40":{"start":{"line":144,"column":16},"end":{"line":144,"column":55},"skip":true},"41":{"start":{"line":147,"column":8},"end":{"line":156,"column":10},"skip":true},"42":{"start":{"line":154,"column":12},"end":{"line":154,"column":25},"skip":true},"43":{"start":{"line":155,"column":12},"end":{"line":155,"column":45},"skip":true},"44":{"start":{"line":158,"column":8},"end":{"line":167,"column":10},"skip":true},"45":{"start":{"line":165,"column":12},"end":{"line":165,"column":25},"skip":true},"46":{"start":{"line":166,"column":12},"end":{"line":166,"column":48},"skip":true},"47":{"start":{"line":169,"column":8},"end":{"line":178,"column":10},"skip":true},"48":{"start":{"line":176,"column":12},"end":{"line":176,"column":25},"skip":true},"49":{"start":{"line":177,"column":12},"end":{"line":177,"column":46},"skip":true},"50":{"start":{"line":180,"column":8},"end":{"line":189,"column":10},"skip":true},"51":{"start":{"line":187,"column":12},"end":{"line":187,"column":94},"skip":true},"52":{"start":{"line":188,"column":12},"end":{"line":188,"column":48},"skip":true},"53":{"start":{"line":192,"column":8},"end":{"line":192,"column":35},"skip":true},"54":{"start":{"line":193,"column":8},"end":{"line":193,"column":14},"skip":true}},"branchMap":{"1":{"line":25,"type":"binary-expr","locations":[{"start":{"line":25,"column":23},"end":{"line":25,"column":62}},{"start":{"line":26,"column":20},"end":{"line":26,"column":70}},{"start":{"line":27,"column":20},"end":{"line":27,"column":71}},{"start":{"line":28,"column":20},"end":{"line":28,"column":29}}]},"2":{"line":30,"type":"binary-expr","locations":[{"start":{"line":30,"column":23},"end":{"line":30,"column":37}},{"start":{"line":31,"column":20},"end":{"line":31,"column":61}},{"start":{"line":32,"column":20},"end":{"line":32,"column":70}},{"start":{"line":33,"column":20},"end":{"line":33,"column":26}}]},"3":{"line":37,"type":"cond-expr","locations":[{"start":{"line":38,"column":14},"end":{"line":38,"column":20}},{"start":{"line":39,"column":14},"end":{"line":39,"column":20}}]},"4":{"line":40,"type":"switch","locations":[{"start":{"line":42,"column":8},"end":{"line":47,"column":18}},{"start":{"line":49,"column":8},"end":{"line":52,"column":18}}]},"5":{"line":44,"type":"binary-expr","locations":[{"start":{"line":44,"column":16},"end":{"line":44,"column":44}},{"start":{"line":44,"column":48},"end":{"line":44,"column":66}}]},"6":{"line":50,"type":"binary-expr","locations":[{"start":{"line":50,"column":21},"end":{"line":50,"column":49}},{"start":{"line":50,"column":53},"end":{"line":50,"column":72}}]},"7":{"line":64,"type":"switch","locations":[{"start":{"line":69,"column":4},"end":{"line":70,"column":14}},{"start":{"line":75,"column":4},"end":{"line":76,"column":14}}]},"8":{"line":85,"type":"switch","locations":[{"start":{"line":90,"column":4},"end":{"line":105,"column":14}},{"start":{"line":111,"column":4},"end":{"line":193,"column":14},"skip":true}]},"9":{"line":91,"type":"binary-expr","locations":[{"start":{"line":91,"column":42},"end":{"line":91,"column":73}},{"start":{"line":91,"column":77},"end":{"line":99,"column":9}}]},"10":{"line":102,"type":"binary-expr","locations":[{"start":{"line":102,"column":18},"end":{"line":102,"column":32}},{"start":{"line":103,"column":12},"end":{"line":103,"column":53}},{"start":{"line":104,"column":12},"end":{"line":104,"column":61}}]},"11":{"line":112,"type":"binary-expr","locations":[{"start":{"line":112,"column":45},"end":{"line":112,"column":79},"skip":true},{"start":{"line":112,"column":83},"end":{"line":121,"column":9},"skip":true}]},"12":{"line":123,"type":"binary-expr","locations":[{"start":{"line":123,"column":42},"end":{"line":123,"column":73},"skip":true},{"start":{"line":123,"column":77},"end":{"line":136,"column":9},"skip":true}]},"13":{"line":138,"type":"binary-expr","locations":[{"start":{"line":138,"column":48},"end":{"line":138,"column":85},"skip":true},{"start":{"line":139,"column":12},"end":{"line":145,"column":13},"skip":true}]},"14":{"line":147,"type":"binary-expr","locations":[{"start":{"line":147,"column":42},"end":{"line":147,"column":73},"skip":true},{"start":{"line":147,"column":77},"end":{"line":156,"column":9},"skip":true}]},"15":{"line":158,"type":"binary-expr","locations":[{"start":{"line":158,"column":45},"end":{"line":158,"column":79},"skip":true},{"start":{"line":158,"column":83},"end":{"line":167,"column":9},"skip":true}]},"16":{"line":169,"type":"binary-expr","locations":[{"start":{"line":169,"column":43},"end":{"line":169,"column":75},"skip":true},{"start":{"line":169,"column":79},"end":{"line":178,"column":9},"skip":true}]},"17":{"line":180,"type":"binary-expr","locations":[{"start":{"line":180,"column":41},"end":{"line":180,"column":71},"skip":true},{"start":{"line":180,"column":75},"end":{"line":189,"column":9},"skip":true}]}},"code":["/* istanbul instrument in package npmtest_gps_tracking */","/*jslint","    bitwise: true,","    browser: true,","    maxerr: 8,","    maxlen: 96,","    node: true,","    nomen: true,","    regexp: true,","    stupid: true","*/","(function () {","    'use strict';","    var local;","","","","    // run shared js-env code - pre-init","    (function () {","        // init local","        local = {};","        // init modeJs","        local.modeJs = (function () {","            try {","                return typeof navigator.userAgent === 'string' &&","                    typeof document.querySelector('body') === 'object' &&","                    typeof XMLHttpRequest.prototype.open === 'function' &&","                    'browser';","            } catch (errorCaughtBrowser) {","                return module.exports &&","                    typeof process.versions.node === 'string' &&","                    typeof require('http').createServer === 'function' &&","                    'node';","            }","        }());","        // init global","        local.global = local.modeJs === 'browser'","            ? window","            : global;","        switch (local.modeJs) {","        // re-init local from window.local","        case 'browser':","            local = local.global.utility2.objectSetDefault(","                local.global.utility2_rollup || local.global.local,","                local.global.utility2","            );","            break;","        // re-init local from example.js","        case 'node':","            local = (local.global.utility2_rollup || require('utility2'))","                .requireReadme();","            break;","        }","        // export local","        local.global.local = local;","    }());","","","","    // run shared js-env code - function","    (function () {","        return;","    }());","    switch (local.modeJs) {","","","","    // run browser js-env code - function","    case 'browser':","        break;","","","","    // run node js-env code - function","    case 'node':","        break;","    }","","","","    // run shared js-env code - post-init","    (function () {","        return;","    }());","    switch (local.modeJs) {","","","","    // run browser js-env code - post-init","    case 'browser':","        local.testCase_browser_nullCase = local.testCase_browser_nullCase || function (","            options,","            onError","        ) {","        /*","         * this function will test browsers's null-case handling-behavior-behavior","         */","            onError(null, options);","        };","","        // run tests","        local.nop(local.modeTest &&","            document.querySelector('#testRunButton1') &&","            document.querySelector('#testRunButton1').click());","        break;","","","","    // run node js-env code - post-init","    /* istanbul ignore next */","    case 'node':","        local.testCase_buildApidoc_default = local.testCase_buildApidoc_default || function (","            options,","            onError","        ) {","        /*","         * this function will test buildApidoc's default handling-behavior-behavior","         */","            options = { modulePathList: module.paths };","            local.buildApidoc(options, onError);","        };","","        local.testCase_buildApp_default = local.testCase_buildApp_default || function (","            options,","            onError","        ) {","        /*","         * this function will test buildApp's default handling-behavior-behavior","         */","            local.testCase_buildReadme_default(options, local.onErrorThrow);","            local.testCase_buildLib_default(options, local.onErrorThrow);","            local.testCase_buildTest_default(options, local.onErrorThrow);","            local.testCase_buildCustomOrg_default(options, local.onErrorThrow);","            options = [];","            local.buildApp(options, onError);","        };","","        local.testCase_buildCustomOrg_default = local.testCase_buildCustomOrg_default ||","            function (options, onError) {","            /*","             * this function will test buildCustomOrg's default handling-behavior","             */","                options = {};","                local.buildCustomOrg(options, onError);","            };","","        local.testCase_buildLib_default = local.testCase_buildLib_default || function (","            options,","            onError","        ) {","        /*","         * this function will test buildLib's default handling-behavior","         */","            options = {};","            local.buildLib(options, onError);","        };","","        local.testCase_buildReadme_default = local.testCase_buildReadme_default || function (","            options,","            onError","        ) {","        /*","         * this function will test buildReadme's default handling-behavior-behavior","         */","            options = {};","            local.buildReadme(options, onError);","        };","","        local.testCase_buildTest_default = local.testCase_buildTest_default || function (","            options,","            onError","        ) {","        /*","         * this function will test buildTest's default handling-behavior","         */","            options = {};","            local.buildTest(options, onError);","        };","","        local.testCase_webpage_default = local.testCase_webpage_default || function (","            options,","            onError","        ) {","        /*","         * this function will test webpage's default handling-behavior","         */","            options = { modeCoverageMerge: true, url: local.serverLocalHost + '?modeTest=1' };","            local.browserTest(options, onError);","        };","","        // run test-server","        local.testRunServer(local);","        break;","    }","}());",""],"l":{"12":2,"14":2,"19":2,"21":2,"23":2,"24":2,"25":2,"30":1,"37":2,"40":2,"43":1,"47":1,"50":1,"52":1,"55":2,"61":2,"62":2,"64":2,"70":1,"76":1,"82":2,"83":2,"85":2,"91":1,"98":1,"102":1,"105":1,"112":1,"119":1,"120":1,"123":1,"130":1,"131":1,"132":1,"133":1,"134":1,"135":1,"138":1,"143":2,"144":2,"147":1,"154":2,"155":2,"158":1,"165":2,"166":2,"169":1,"176":2,"177":2,"180":1,"187":1,"188":1,"192":1,"193":1}},"/home/travis/build/npmtest/node-npmtest-gps-tracking/lib.npmtest_gps_tracking.js":{"path":"/home/travis/build/npmtest/node-npmtest-gps-tracking/lib.npmtest_gps_tracking.js","s":{"1":2,"2":2,"3":2,"4":2,"5":2,"6":2,"7":2,"8":1,"9":2,"10":2,"11":2,"12":2,"13":1,"14":1,"15":1,"16":1},"b":{"1":[2,1,1,1],"2":[1,1,1,1],"3":[1,1],"4":[2,2],"5":[1,1]},"f":{"1":2,"2":2,"3":2},"fnMap":{"1":{"name":"(anonymous_1)","line":12,"loc":{"start":{"line":12,"column":1},"end":{"line":12,"column":13}}},"2":{"name":"(anonymous_2)","line":19,"loc":{"start":{"line":19,"column":5},"end":{"line":19,"column":17}}},"3":{"name":"(anonymous_3)","line":23,"loc":{"start":{"line":23,"column":24},"end":{"line":23,"column":36}}}},"statementMap":{"1":{"start":{"line":12,"column":0},"end":{"line":53,"column":5}},"2":{"start":{"line":14,"column":4},"end":{"line":14,"column":14}},"3":{"start":{"line":19,"column":4},"end":{"line":52,"column":9}},"4":{"start":{"line":21,"column":8},"end":{"line":21,"column":19}},"5":{"start":{"line":23,"column":8},"end":{"line":35,"column":13}},"6":{"start":{"line":24,"column":12},"end":{"line":34,"column":13}},"7":{"start":{"line":25,"column":16},"end":{"line":28,"column":30}},"8":{"start":{"line":30,"column":16},"end":{"line":33,"column":27}},"9":{"start":{"line":37,"column":8},"end":{"line":39,"column":21}},"10":{"start":{"line":41,"column":8},"end":{"line":41,"column":54}},"11":{"start":{"line":43,"column":8},"end":{"line":43,"column":57}},"12":{"start":{"line":45,"column":8},"end":{"line":51,"column":9}},"13":{"start":{"line":46,"column":12},"end":{"line":46,"column":63}},"14":{"start":{"line":48,"column":12},"end":{"line":48,"column":35}},"15":{"start":{"line":49,"column":12},"end":{"line":49,"column":49}},"16":{"start":{"line":50,"column":12},"end":{"line":50,"column":43}}},"branchMap":{"1":{"line":25,"type":"binary-expr","locations":[{"start":{"line":25,"column":23},"end":{"line":25,"column":62}},{"start":{"line":26,"column":20},"end":{"line":26,"column":70}},{"start":{"line":27,"column":20},"end":{"line":27,"column":71}},{"start":{"line":28,"column":20},"end":{"line":28,"column":29}}]},"2":{"line":30,"type":"binary-expr","locations":[{"start":{"line":30,"column":23},"end":{"line":30,"column":37}},{"start":{"line":31,"column":20},"end":{"line":31,"column":61}},{"start":{"line":32,"column":20},"end":{"line":32,"column":70}},{"start":{"line":33,"column":20},"end":{"line":33,"column":26}}]},"3":{"line":37,"type":"cond-expr","locations":[{"start":{"line":38,"column":14},"end":{"line":38,"column":20}},{"start":{"line":39,"column":14},"end":{"line":39,"column":20}}]},"4":{"line":41,"type":"binary-expr","locations":[{"start":{"line":41,"column":16},"end":{"line":41,"column":44}},{"start":{"line":41,"column":48},"end":{"line":41,"column":53}}]},"5":{"line":45,"type":"if","locations":[{"start":{"line":45,"column":8},"end":{"line":45,"column":8}},{"start":{"line":45,"column":8},"end":{"line":45,"column":8}}]}},"code":["/* istanbul instrument in package npmtest_gps_tracking */","/*jslint","    bitwise: true,","    browser: true,","    maxerr: 8,","    maxlen: 96,","    node: true,","    nomen: true,","    regexp: true,","    stupid: true","*/","(function () {","    'use strict';","    var local;","","","","    // run shared js-env code - pre-init","    (function () {","        // init local","        local = {};","        // init modeJs","        local.modeJs = (function () {","            try {","                return typeof navigator.userAgent === 'string' &&","                    typeof document.querySelector('body') === 'object' &&","                    typeof XMLHttpRequest.prototype.open === 'function' &&","                    'browser';","            } catch (errorCaughtBrowser) {","                return module.exports &&","                    typeof process.versions.node === 'string' &&","                    typeof require('http').createServer === 'function' &&","                    'node';","            }","        }());","        // init global","        local.global = local.modeJs === 'browser'","            ? window","            : global;","        // init utility2_rollup","        local = local.global.utility2_rollup || local;","        // init lib","        local.local = local.npmtest_gps_tracking = local;","        // init exports","        if (local.modeJs === 'browser') {","            local.global.utility2_npmtest_gps_tracking = local;","        } else {","            module.exports = local;","            module.exports.__dirname = __dirname;","            module.exports.module = module;","        }","    }());","}());",""],"l":{"12":2,"14":2,"19":2,"21":2,"23":2,"24":2,"25":2,"30":1,"37":2,"41":2,"43":2,"45":2,"46":1,"48":1,"49":1,"50":1}},"/home/travis/build/npmtest/node-npmtest-gps-tracking/example.js":{"path":"/home/travis/build/npmtest/node-npmtest-gps-tracking/example.js","s":{"1":2,"2":2,"3":2,"4":2,"5":2,"6":2,"7":2,"8":1,"9":2,"10":2,"11":2,"12":2,"13":1,"14":2,"15":2,"16":2,"17":2,"18":2,"19":0,"20":2,"21":1,"22":1,"23":1,"24":1,"25":1,"26":0,"27":0,"28":1,"29":1,"30":2,"31":0,"32":0,"33":0,"34":1,"35":2,"36":2,"37":3,"38":3,"39":3,"40":3,"41":0,"42":3,"43":3,"44":3,"45":1,"46":3,"47":1,"48":1,"49":1,"50":1,"51":1,"52":1,"53":1,"54":1,"55":1,"56":1,"57":0,"58":1,"59":6,"60":6,"61":1,"62":2,"63":0,"64":2,"65":1,"66":1,"67":0,"68":0,"69":0,"70":0,"71":0,"72":0,"73":0,"74":0,"75":0,"76":0,"77":0,"78":0,"79":0,"80":0,"81":0,"82":0,"83":0},"b":{"1":[2,1,1,1],"2":[1,1,1,1],"3":[1,1],"4":[2,2],"5":[1,1],"6":[1,1],"7":[2,0],"8":[2,1,1,1,1,1],"9":[0,2,0],"10":[1,1],"11":[2,1,1],"12":[1,0],"13":[0,2],"14":[2,0,0,0,0,0,0],"15":[0,3],"16":[3,0],"17":[1,1],"18":[0,1],"19":[1,2,0,2],"20":[1,0],"21":[1,1],"22":[0,0],"23":[0,0],"24":[0,0],"25":[0,0],"26":[0,0],"27":[0,0],"28":[0,0]},"f":{"1":2,"2":2,"3":2,"4":2,"5":2,"6":2,"7":3,"8":3,"9":3,"10":1,"11":6,"12":0},"fnMap":{"1":{"name":"(anonymous_1)","line":26,"loc":{"start":{"line":26,"column":1},"end":{"line":26,"column":13}}},"2":{"name":"(anonymous_2)","line":33,"loc":{"start":{"line":33,"column":5},"end":{"line":33,"column":17}}},"3":{"name":"(anonymous_3)","line":37,"loc":{"start":{"line":37,"column":24},"end":{"line":37,"column":36}}},"4":{"name":"(anonymous_4)","line":69,"loc":{"start":{"line":69,"column":31},"end":{"line":69,"column":48}},"skip":true},"5":{"name":"(anonymous_5)","line":78,"loc":{"start":{"line":78,"column":26},"end":{"line":78,"column":45}},"skip":true},"6":{"name":"(anonymous_6)","line":123,"loc":{"start":{"line":123,"column":33},"end":{"line":123,"column":48}},"skip":true},"7":{"name":"(anonymous_7)","line":125,"loc":{"start":{"line":125,"column":27},"end":{"line":125,"column":39}},"skip":true},"8":{"name":"(anonymous_8)","line":133,"loc":{"start":{"line":133,"column":59},"end":{"line":133,"column":74}},"skip":true},"9":{"name":"(anonymous_9)","line":143,"loc":{"start":{"line":143,"column":45},"end":{"line":143,"column":62}},"skip":true},"10":{"name":"(anonymous_10)","line":144,"loc":{"start":{"line":144,"column":73},"end":{"line":144,"column":92}},"skip":true},"11":{"name":"(anonymous_11)","line":272,"loc":{"start":{"line":272,"column":51},"end":{"line":272,"column":77}},"skip":true},"12":{"name":"(anonymous_12)","line":315,"loc":{"start":{"line":315,"column":32},"end":{"line":315,"column":61}},"skip":true}},"statementMap":{"1":{"start":{"line":26,"column":0},"end":{"line":326,"column":5}},"2":{"start":{"line":28,"column":4},"end":{"line":28,"column":14}},"3":{"start":{"line":33,"column":4},"end":{"line":60,"column":9}},"4":{"start":{"line":35,"column":8},"end":{"line":35,"column":19}},"5":{"start":{"line":37,"column":8},"end":{"line":49,"column":13}},"6":{"start":{"line":38,"column":12},"end":{"line":48,"column":13}},"7":{"start":{"line":39,"column":16},"end":{"line":42,"column":30}},"8":{"start":{"line":44,"column":16},"end":{"line":47,"column":27}},"9":{"start":{"line":51,"column":8},"end":{"line":53,"column":21}},"10":{"start":{"line":55,"column":8},"end":{"line":57,"column":45}},"11":{"start":{"line":59,"column":8},"end":{"line":59,"column":35}},"12":{"start":{"line":61,"column":4},"end":{"line":325,"column":5}},"13":{"start":{"line":69,"column":8},"end":{"line":121,"column":10},"skip":true},"14":{"start":{"line":70,"column":12},"end":{"line":88,"column":13},"skip":true},"15":{"start":{"line":76,"column":16},"end":{"line":87,"column":19},"skip":true},"16":{"start":{"line":79,"column":20},"end":{"line":86,"column":21},"skip":true},"17":{"start":{"line":82,"column":24},"end":{"line":82,"column":43},"skip":true},"18":{"start":{"line":83,"column":24},"end":{"line":83,"column":30},"skip":true},"19":{"start":{"line":85,"column":24},"end":{"line":85,"column":49},"skip":true},"20":{"start":{"line":89,"column":12},"end":{"line":107,"column":13},"skip":true},"21":{"start":{"line":92,"column":16},"end":{"line":102,"column":17},"skip":true},"22":{"start":{"line":93,"column":20},"end":{"line":93,"column":86},"skip":true},"23":{"start":{"line":94,"column":20},"end":{"line":95,"column":45},"skip":true},"24":{"start":{"line":96,"column":20},"end":{"line":96,"column":42},"skip":true},"25":{"start":{"line":97,"column":20},"end":{"line":97,"column":48},"skip":true},"26":{"start":{"line":100,"column":20},"end":{"line":100,"column":85},"skip":true},"27":{"start":{"line":101,"column":20},"end":{"line":101,"column":96},"skip":true},"28":{"start":{"line":103,"column":16},"end":{"line":103,"column":22},"skip":true},"29":{"start":{"line":106,"column":16},"end":{"line":106,"column":22},"skip":true},"30":{"start":{"line":108,"column":12},"end":{"line":120,"column":13},"skip":true},"31":{"start":{"line":114,"column":16},"end":{"line":119,"column":17},"skip":true},"32":{"start":{"line":116,"column":20},"end":{"line":116,"column":78},"skip":true},"33":{"start":{"line":118,"column":20},"end":{"line":118,"column":47},"skip":true},"34":{"start":{"line":123,"column":8},"end":{"line":141,"column":11},"skip":true},"35":{"start":{"line":124,"column":12},"end":{"line":124,"column":54},"skip":true},"36":{"start":{"line":125,"column":12},"end":{"line":140,"column":14},"skip":true},"37":{"start":{"line":126,"column":16},"end":{"line":126,"column":28},"skip":true},"38":{"start":{"line":127,"column":16},"end":{"line":127,"column":69},"skip":true},"39":{"start":{"line":128,"column":16},"end":{"line":128,"column":75},"skip":true},"40":{"start":{"line":129,"column":16},"end":{"line":131,"column":17},"skip":true},"41":{"start":{"line":130,"column":20},"end":{"line":130,"column":27},"skip":true},"42":{"start":{"line":133,"column":16},"end":{"line":137,"column":36},"skip":true},"43":{"start":{"line":134,"column":20},"end":{"line":136,"column":55},"skip":true},"44":{"start":{"line":139,"column":16},"end":{"line":139,"column":57},"skip":true},"45":{"start":{"line":143,"column":8},"end":{"line":147,"column":11},"skip":true},"46":{"start":{"line":144,"column":12},"end":{"line":146,"column":15},"skip":true},"47":{"start":{"line":145,"column":16},"end":{"line":145,"column":70},"skip":true},"48":{"start":{"line":149,"column":8},"end":{"line":149,"column":31},"skip":true},"49":{"start":{"line":150,"column":8},"end":{"line":150,"column":14},"skip":true},"50":{"start":{"line":158,"column":8},"end":{"line":158,"column":31},"skip":true},"51":{"start":{"line":160,"column":8},"end":{"line":160,"column":33},"skip":true},"52":{"start":{"line":161,"column":8},"end":{"line":161,"column":37},"skip":true},"53":{"start":{"line":162,"column":8},"end":{"line":162,"column":35},"skip":true},"54":{"start":{"line":164,"column":8},"end":{"line":164,"column":50},"skip":true},"55":{"start":{"line":166,"column":8},"end":{"line":256,"column":2},"skip":true},"56":{"start":{"line":258,"column":8},"end":{"line":286,"column":9},"skip":true},"57":{"start":{"line":259,"column":12},"end":{"line":269,"column":14},"skip":true},"58":{"start":{"line":271,"column":12},"end":{"line":285,"column":19},"skip":true},"59":{"start":{"line":274,"column":20},"end":{"line":274,"column":35},"skip":true},"60":{"start":{"line":275,"column":20},"end":{"line":284,"column":21},"skip":true},"61":{"start":{"line":277,"column":24},"end":{"line":277,"column":64},"skip":true},"62":{"start":{"line":279,"column":24},"end":{"line":279,"column":40},"skip":true},"63":{"start":{"line":281,"column":24},"end":{"line":281,"column":40},"skip":true},"64":{"start":{"line":283,"column":24},"end":{"line":283,"column":39},"skip":true},"65":{"start":{"line":288,"column":8},"end":{"line":290,"column":9},"skip":true},"66":{"start":{"line":289,"column":12},"end":{"line":289,"column":18},"skip":true},"67":{"start":{"line":291,"column":8},"end":{"line":293,"column":54},"skip":true},"68":{"start":{"line":296,"column":8},"end":{"line":301,"column":37},"skip":true},"69":{"start":{"line":303,"column":8},"end":{"line":303,"column":82},"skip":true},"70":{"start":{"line":306,"column":8},"end":{"line":308,"column":9},"skip":true},"71":{"start":{"line":307,"column":12},"end":{"line":307,"column":82},"skip":true},"72":{"start":{"line":310,"column":8},"end":{"line":312,"column":9},"skip":true},"73":{"start":{"line":311,"column":12},"end":{"line":311,"column":18},"skip":true},"74":{"start":{"line":313,"column":8},"end":{"line":313,"column":54},"skip":true},"75":{"start":{"line":314,"column":8},"end":{"line":314,"column":69},"skip":true},"76":{"start":{"line":315,"column":8},"end":{"line":323,"column":36},"skip":true},"77":{"start":{"line":316,"column":12},"end":{"line":316,"column":61},"skip":true},"78":{"start":{"line":317,"column":12},"end":{"line":320,"column":13},"skip":true},"79":{"start":{"line":318,"column":16},"end":{"line":318,"column":75},"skip":true},"80":{"start":{"line":319,"column":16},"end":{"line":319,"column":23},"skip":true},"81":{"start":{"line":321,"column":12},"end":{"line":321,"column":38},"skip":true},"82":{"start":{"line":322,"column":12},"end":{"line":322,"column":27},"skip":true},"83":{"start":{"line":324,"column":8},"end":{"line":324,"column":14},"skip":true}},"branchMap":{"1":{"line":39,"type":"binary-expr","locations":[{"start":{"line":39,"column":23},"end":{"line":39,"column":62}},{"start":{"line":40,"column":20},"end":{"line":40,"column":70}},{"start":{"line":41,"column":20},"end":{"line":41,"column":71}},{"start":{"line":42,"column":20},"end":{"line":42,"column":29}}]},"2":{"line":44,"type":"binary-expr","locations":[{"start":{"line":44,"column":23},"end":{"line":44,"column":37}},{"start":{"line":45,"column":20},"end":{"line":45,"column":61}},{"start":{"line":46,"column":20},"end":{"line":46,"column":70}},{"start":{"line":47,"column":20},"end":{"line":47,"column":26}}]},"3":{"line":51,"type":"cond-expr","locations":[{"start":{"line":52,"column":14},"end":{"line":52,"column":20}},{"start":{"line":53,"column":14},"end":{"line":53,"column":20}}]},"4":{"line":55,"type":"binary-expr","locations":[{"start":{"line":55,"column":16},"end":{"line":55,"column":44}},{"start":{"line":55,"column":49},"end":{"line":57,"column":43}}]},"5":{"line":55,"type":"cond-expr","locations":[{"start":{"line":56,"column":14},"end":{"line":56,"column":56}},{"start":{"line":57,"column":14},"end":{"line":57,"column":43}}]},"6":{"line":61,"type":"switch","locations":[{"start":{"line":68,"column":4},"end":{"line":150,"column":14},"skip":true},{"start":{"line":156,"column":4},"end":{"line":324,"column":14},"skip":true}]},"7":{"line":70,"type":"if","locations":[{"start":{"line":70,"column":12},"end":{"line":70,"column":12},"skip":true},{"start":{"line":70,"column":12},"end":{"line":70,"column":12},"skip":true}]},"8":{"line":70,"type":"binary-expr","locations":[{"start":{"line":70,"column":16},"end":{"line":70,"column":22},"skip":true},{"start":{"line":70,"column":27},"end":{"line":70,"column":32},"skip":true},{"start":{"line":71,"column":20},"end":{"line":71,"column":39},"skip":true},{"start":{"line":72,"column":20},"end":{"line":72,"column":49},"skip":true},{"start":{"line":73,"column":20},"end":{"line":73,"column":58},"skip":true},{"start":{"line":74,"column":20},"end":{"line":74,"column":69},"skip":true}]},"9":{"line":79,"type":"switch","locations":[{"start":{"line":80,"column":20},"end":{"line":80,"column":33},"skip":true},{"start":{"line":81,"column":20},"end":{"line":83,"column":30},"skip":true},{"start":{"line":84,"column":20},"end":{"line":85,"column":49},"skip":true}]},"10":{"line":89,"type":"switch","locations":[{"start":{"line":90,"column":12},"end":{"line":103,"column":22},"skip":true},{"start":{"line":105,"column":12},"end":{"line":106,"column":22},"skip":true}]},"11":{"line":89,"type":"binary-expr","locations":[{"start":{"line":89,"column":20},"end":{"line":89,"column":25},"skip":true},{"start":{"line":89,"column":29},"end":{"line":89,"column":48},"skip":true},{"start":{"line":89,"column":52},"end":{"line":89,"column":74},"skip":true}]},"12":{"line":92,"type":"if","locations":[{"start":{"line":92,"column":16},"end":{"line":92,"column":16},"skip":true},{"start":{"line":92,"column":16},"end":{"line":92,"column":16},"skip":true}]},"13":{"line":108,"type":"if","locations":[{"start":{"line":108,"column":12},"end":{"line":108,"column":12},"skip":true},{"start":{"line":108,"column":12},"end":{"line":108,"column":12},"skip":true}]},"14":{"line":108,"type":"binary-expr","locations":[{"start":{"line":108,"column":16},"end":{"line":108,"column":61},"skip":true},{"start":{"line":108,"column":66},"end":{"line":108,"column":72},"skip":true},{"start":{"line":108,"column":77},"end":{"line":108,"column":82},"skip":true},{"start":{"line":109,"column":20},"end":{"line":109,"column":39},"skip":true},{"start":{"line":110,"column":20},"end":{"line":110,"column":49},"skip":true},{"start":{"line":111,"column":20},"end":{"line":111,"column":58},"skip":true},{"start":{"line":112,"column":20},"end":{"line":112,"column":68},"skip":true}]},"15":{"line":129,"type":"if","locations":[{"start":{"line":129,"column":16},"end":{"line":129,"column":16},"skip":true},{"start":{"line":129,"column":16},"end":{"line":129,"column":16},"skip":true}]},"16":{"line":134,"type":"cond-expr","locations":[{"start":{"line":135,"column":26},"end":{"line":135,"column":29},"skip":true},{"start":{"line":136,"column":26},"end":{"line":136,"column":54},"skip":true}]},"17":{"line":164,"type":"binary-expr","locations":[{"start":{"line":164,"column":27},"end":{"line":164,"column":43},"skip":true},{"start":{"line":164,"column":47},"end":{"line":164,"column":49},"skip":true}]},"18":{"line":258,"type":"if","locations":[{"start":{"line":258,"column":8},"end":{"line":258,"column":8},"skip":true},{"start":{"line":258,"column":8},"end":{"line":258,"column":8},"skip":true}]},"19":{"line":275,"type":"switch","locations":[{"start":{"line":276,"column":20},"end":{"line":277,"column":64},"skip":true},{"start":{"line":278,"column":20},"end":{"line":279,"column":40},"skip":true},{"start":{"line":280,"column":20},"end":{"line":281,"column":40},"skip":true},{"start":{"line":282,"column":20},"end":{"line":283,"column":39},"skip":true}]},"20":{"line":288,"type":"if","locations":[{"start":{"line":288,"column":8},"end":{"line":288,"column":8},"skip":true},{"start":{"line":288,"column":8},"end":{"line":288,"column":8},"skip":true}]},"21":{"line":288,"type":"binary-expr","locations":[{"start":{"line":288,"column":12},"end":{"line":288,"column":40},"skip":true},{"start":{"line":288,"column":44},"end":{"line":288,"column":67},"skip":true}]},"22":{"line":292,"type":"binary-expr","locations":[{"start":{"line":292,"column":12},"end":{"line":292,"column":50},"skip":true},{"start":{"line":293,"column":12},"end":{"line":293,"column":53},"skip":true}]},"23":{"line":297,"type":"binary-expr","locations":[{"start":{"line":297,"column":12},"end":{"line":297,"column":70},"skip":true},{"start":{"line":298,"column":12},"end":{"line":301,"column":36},"skip":true}]},"24":{"line":303,"type":"binary-expr","locations":[{"start":{"line":303,"column":43},"end":{"line":303,"column":75},"skip":true},{"start":{"line":303,"column":79},"end":{"line":303,"column":81},"skip":true}]},"25":{"line":306,"type":"if","locations":[{"start":{"line":306,"column":8},"end":{"line":306,"column":8},"skip":true},{"start":{"line":306,"column":8},"end":{"line":306,"column":8},"skip":true}]},"26":{"line":310,"type":"if","locations":[{"start":{"line":310,"column":8},"end":{"line":310,"column":8},"skip":true},{"start":{"line":310,"column":8},"end":{"line":310,"column":8},"skip":true}]},"27":{"line":313,"type":"binary-expr","locations":[{"start":{"line":313,"column":27},"end":{"line":313,"column":43},"skip":true},{"start":{"line":313,"column":47},"end":{"line":313,"column":53},"skip":true}]},"28":{"line":317,"type":"if","locations":[{"start":{"line":317,"column":12},"end":{"line":317,"column":12},"skip":true},{"start":{"line":317,"column":12},"end":{"line":317,"column":12},"skip":true}]}},"code":["/*","example.js","","quickstart example","","instruction","    1. save this script as example.js","    2. run the shell command:","        $ npm install npmtest-gps-tracking && PORT=8081 node example.js","    3. play with the browser-demo on http://127.0.0.1:8081","*/","","","","/* istanbul instrument in package npmtest_gps_tracking */","/*jslint","    bitwise: true,","    browser: true,","    maxerr: 8,","    maxlen: 96,","    node: true,","    nomen: true,","    regexp: true,","    stupid: true","*/","(function () {","    'use strict';","    var local;","","","","    // run shared js-env code - pre-init","    (function () {","        // init local","        local = {};","        // init modeJs","        local.modeJs = (function () {","            try {","                return typeof navigator.userAgent === 'string' &&","                    typeof document.querySelector('body') === 'object' &&","                    typeof XMLHttpRequest.prototype.open === 'function' &&","                    'browser';","            } catch (errorCaughtBrowser) {","                return module.exports &&","                    typeof process.versions.node === 'string' &&","                    typeof require('http').createServer === 'function' &&","                    'node';","            }","        }());","        // init global","        local.global = local.modeJs === 'browser'","            ? window","            : global;","        // init utility2_rollup","        local = local.global.utility2_rollup || (local.modeJs === 'browser'","            ? local.global.utility2_npmtest_gps_tracking","            : global.utility2_moduleExports);","        // export local","        local.global.local = local;","    }());","    switch (local.modeJs) {","","","","    // post-init","    // run browser js-env code - post-init","    /* istanbul ignore next */","    case 'browser':","        local.testRunBrowser = function (event) {","            if (!event || (event &&","                    event.currentTarget &&","                    event.currentTarget.className &&","                    event.currentTarget.className.includes &&","                    event.currentTarget.className.includes('onreset'))) {","                // reset output","                Array.from(","                    document.querySelectorAll('body > .resettable')","                ).forEach(function (element) {","                    switch (element.tagName) {","                    case 'INPUT':","                    case 'TEXTAREA':","                        element.value = '';","                        break;","                    default:","                        element.textContent = '';","                    }","                });","            }","            switch (event && event.currentTarget && event.currentTarget.id) {","            case 'testRunButton1':","                // show tests","                if (document.querySelector('#testReportDiv1').style.display === 'none') {","                    document.querySelector('#testReportDiv1').style.display = 'block';","                    document.querySelector('#testRunButton1').textContent =","                        'hide internal test';","                    local.modeTest = true;","                    local.testRunDefault(local);","                // hide tests","                } else {","                    document.querySelector('#testReportDiv1').style.display = 'none';","                    document.querySelector('#testRunButton1').textContent = 'run internal test';","                }","                break;","            // custom-case","            default:","                break;","            }","            if (document.querySelector('#inputTextareaEval1') && (!event || (event &&","                    event.currentTarget &&","                    event.currentTarget.className &&","                    event.currentTarget.className.includes &&","                    event.currentTarget.className.includes('oneval')))) {","                // try to eval input-code","                try {","                    /*jslint evil: true*/","                    eval(document.querySelector('#inputTextareaEval1').value);","                } catch (errorCaught) {","                    console.error(errorCaught);","                }","            }","        };","        // log stderr and stdout to #outputTextareaStdout1","        ['error', 'log'].forEach(function (key) {","            console[key + '_original'] = console[key];","            console[key] = function () {","                var element;","                console[key + '_original'].apply(console, arguments);","                element = document.querySelector('#outputTextareaStdout1');","                if (!element) {","                    return;","                }","                // append text to #outputTextareaStdout1","                element.value += Array.from(arguments).map(function (arg) {","                    return typeof arg === 'string'","                        ? arg","                        : JSON.stringify(arg, null, 4);","                }).join(' ') + '\\n';","                // scroll textarea to bottom","                element.scrollTop = element.scrollHeight;","            };","        });","        // init event-handling","        ['change', 'click', 'keyup'].forEach(function (event) {","            Array.from(document.querySelectorAll('.on' + event)).forEach(function (element) {","                element.addEventListener(event, local.testRunBrowser);","            });","        });","        // run tests","        local.testRunBrowser();","        break;","","","","    // run node js-env code - post-init","    /* istanbul ignore next */","    case 'node':","        // export local","        module.exports = local;","        // require modules","        local.fs = require('fs');","        local.http = require('http');","        local.url = require('url');","        // init assets","        local.assetsDict = local.assetsDict || {};","        /* jslint-ignore-begin */","        local.assetsDict['/assets.index.template.html'] = '\\","<!doctype html>\\n\\","<html lang=\"en\">\\n\\","<head>\\n\\","<meta charset=\"UTF-8\">\\n\\","<meta name=\"viewport\" content=\"width=device-width, initial-scale=1\">\\n\\","<title>{{env.npm_package_name}} (v{{env.npm_package_version}})</title>\\n\\","<style>\\n\\","/*csslint\\n\\","    box-sizing: false,\\n\\","    universal-selector: false\\n\\","*/\\n\\","* {\\n\\","    box-sizing: border-box;\\n\\","}\\n\\","body {\\n\\","    background: #dde;\\n\\","    font-family: Arial, Helvetica, sans-serif;\\n\\","    margin: 2rem;\\n\\","}\\n\\","body > * {\\n\\","    margin-bottom: 1rem;\\n\\","}\\n\\",".utility2FooterDiv {\\n\\","    margin-top: 20px;\\n\\","    text-align: center;\\n\\","}\\n\\","</style>\\n\\","<style>\\n\\","/*csslint\\n\\","*/\\n\\","textarea {\\n\\","    font-family: monospace;\\n\\","    height: 10rem;\\n\\","    width: 100%;\\n\\","}\\n\\","textarea[readonly] {\\n\\","    background: #ddd;\\n\\","}\\n\\","</style>\\n\\","</head>\\n\\","<body>\\n\\","<!-- utility2-comment\\n\\","<div id=\"ajaxProgressDiv1\" style=\"background: #d00; height: 2px; left: 0; margin: 0; padding: 0; position: fixed; top: 0; transition: background 0.5s, width 1.5s; width: 25%;\"></div>\\n\\","utility2-comment -->\\n\\","<h1>\\n\\","<!-- utility2-comment\\n\\","    <a\\n\\","        {{#if env.npm_package_homepage}}\\n\\","        href=\"{{env.npm_package_homepage}}\"\\n\\","        {{/if env.npm_package_homepage}}\\n\\","        target=\"_blank\"\\n\\","    >\\n\\","utility2-comment -->\\n\\","        {{env.npm_package_name}} (v{{env.npm_package_version}})\\n\\","<!-- utility2-comment\\n\\","    </a>\\n\\","utility2-comment -->\\n\\","</h1>\\n\\","<h3>{{env.npm_package_description}}</h3>\\n\\","<!-- utility2-comment\\n\\","<h4><a download href=\"assets.app.js\">download standalone app</a></h4>\\n\\","<button class=\"onclick onreset\" id=\"testRunButton1\">run internal test</button><br>\\n\\","<div id=\"testReportDiv1\" style=\"display: none;\"></div>\\n\\","utility2-comment -->\\n\\","\\n\\","\\n\\","\\n\\","<label>stderr and stdout</label>\\n\\","<textarea class=\"resettable\" id=\"outputTextareaStdout1\" readonly></textarea>\\n\\","<!-- utility2-comment\\n\\","{{#if isRollup}}\\n\\","<script src=\"assets.app.js\"></script>\\n\\","{{#unless isRollup}}\\n\\","utility2-comment -->\\n\\","<script src=\"assets.utility2.rollup.js\"></script>\\n\\","<script src=\"jsonp.utility2._stateInit?callback=window.utility2._stateInit\"></script>\\n\\","<script src=\"assets.npmtest_gps_tracking.rollup.js\"></script>\\n\\","<script src=\"assets.example.js\"></script>\\n\\","<script src=\"assets.test.js\"></script>\\n\\","<!-- utility2-comment\\n\\","{{/if isRollup}}\\n\\","utility2-comment -->\\n\\","<div class=\"utility2FooterDiv\">\\n\\","    [ this app was created with\\n\\","    <a href=\"https://github.com/kaizhu256/node-utility2\" target=\"_blank\">utility2</a>\\n\\","    ]\\n\\","</div>\\n\\","</body>\\n\\","</html>\\n\\","';","        /* jslint-ignore-end */","        if (local.templateRender) {","            local.assetsDict['/'] = local.templateRender(","                local.assetsDict['/assets.index.template.html'],","                {","                    env: local.objectSetDefault(local.env, {","                        npm_package_description: 'the greatest app in the world!',","                        npm_package_name: 'my-app',","                        npm_package_nameAlias: 'my_app',","                        npm_package_version: '0.0.1'","                    })","                }","            );","        } else {","            local.assetsDict['/'] = local.assetsDict['/assets.index.template.html']","                .replace((/\\{\\{env\\.(\\w+?)\\}\\}/g), function (match0, match1) {","                    // jslint-hack","                    String(match0);","                    switch (match1) {","                    case 'npm_package_description':","                        return 'the greatest app in the world!';","                    case 'npm_package_name':","                        return 'my-app';","                    case 'npm_package_nameAlias':","                        return 'my_app';","                    case 'npm_package_version':","                        return '0.0.1';","                    }","                });","        }","        // run the cli","        if (local.global.utility2_rollup || module !== require.main) {","            break;","        }","        local.assetsDict['/assets.example.js'] =","            local.assetsDict['/assets.example.js'] ||","            local.fs.readFileSync(__filename, 'utf8');","        // bug-workaround - long $npm_package_buildCustomOrg","        /* jslint-ignore-begin */","        local.assetsDict['/assets.npmtest_gps_tracking.rollup.js'] =","            local.assetsDict['/assets.npmtest_gps_tracking.rollup.js'] ||","            local.fs.readFileSync(","                local.npmtest_gps_tracking.__dirname + '/lib.npmtest_gps_tracking.js',","                'utf8'","            ).replace((/^#!/), '//');","        /* jslint-ignore-end */","        local.assetsDict['/favicon.ico'] = local.assetsDict['/favicon.ico'] || '';","        // if $npm_config_timeout_exit exists,","        // then exit this process after $npm_config_timeout_exit ms","        if (Number(process.env.npm_config_timeout_exit)) {","            setTimeout(process.exit, Number(process.env.npm_config_timeout_exit));","        }","        // start server","        if (local.global.utility2_serverHttp1) {","            break;","        }","        process.env.PORT = process.env.PORT || '8081';","        console.error('server starting on port ' + process.env.PORT);","        local.http.createServer(function (request, response) {","            request.urlParsed = local.url.parse(request.url);","            if (local.assetsDict[request.urlParsed.pathname] !== undefined) {","                response.end(local.assetsDict[request.urlParsed.pathname]);","                return;","            }","            response.statusCode = 404;","            response.end();","        }).listen(process.env.PORT);","        break;","    }","}());",""],"l":{"26":2,"28":2,"33":2,"35":2,"37":2,"38":2,"39":2,"44":1,"51":2,"55":2,"59":2,"61":2,"69":1,"70":2,"76":2,"79":2,"82":2,"83":2,"85":1,"89":2,"92":1,"93":1,"94":1,"96":1,"97":1,"100":1,"101":1,"103":1,"106":1,"108":2,"114":1,"116":1,"118":1,"123":1,"124":2,"125":2,"126":3,"127":3,"128":3,"129":3,"130":1,"133":3,"134":3,"139":3,"143":1,"144":3,"145":1,"149":1,"150":1,"158":1,"160":1,"161":1,"162":1,"164":1,"166":1,"258":1,"259":1,"271":1,"274":6,"275":6,"277":1,"279":2,"281":1,"283":2,"288":1,"289":1,"291":1,"296":1,"303":1,"306":1,"307":1,"310":1,"311":1,"313":1,"314":1,"315":1,"316":1,"317":1,"318":1,"319":1,"321":1,"322":1,"324":1}},"/home/travis/build/npmtest/node-npmtest-gps-tracking/node_modules/gps-tracking/index.js":{"path":"/home/travis/build/npmtest/node-npmtest-gps-tracking/node_modules/gps-tracking/index.js","s":{"1":1},"b":{},"f":{},"fnMap":{},"statementMap":{"1":{"start":{"line":1,"column":0},"end":{"line":1,"column":39}}},"branchMap":{},"code":["module.exports = require('./lib/main');"],"l":{"1":1}},"/home/travis/build/npmtest/node-npmtest-gps-tracking/node_modules/gps-tracking/lib/main.js":{"path":"/home/travis/build/npmtest/node-npmtest-gps-tracking/node_modules/gps-tracking/lib/main.js","s":{"1":1,"2":1,"3":1,"4":1,"5":1,"6":1,"7":1,"8":1,"9":0,"10":0,"11":0,"12":0,"13":0,"14":0,"15":0,"16":0,"17":0,"18":0,"19":0,"20":0,"21":0,"22":0,"23":0,"24":0,"25":0,"26":0,"27":0,"28":0,"29":0,"30":0,"31":0,"32":0,"33":0,"34":0,"35":0,"36":0,"37":0,"38":0,"39":0,"40":0,"41":0,"42":0,"43":0,"44":0,"45":0,"46":0,"47":0,"48":0,"49":0,"50":0,"51":0,"52":0,"53":0,"54":0,"55":0,"56":0,"57":0,"58":0,"59":0,"60":0,"61":0,"62":0,"63":0,"64":0,"65":0,"66":0,"67":0,"68":0,"69":0,"70":0,"71":0,"72":0,"73":0,"74":0,"75":0,"76":1,"77":0,"78":0,"79":0,"80":0,"81":0,"82":0,"83":0,"84":0,"85":0,"86":0,"87":0,"88":1,"89":0,"90":0,"91":0,"92":0,"93":0,"94":0,"95":0,"96":0,"97":0,"98":0,"99":0,"100":0,"101":0,"102":0,"103":0,"104":0,"105":0,"106":0,"107":0,"108":0,"109":0,"110":0,"111":0,"112":0,"113":0,"114":0,"115":0,"116":0,"117":0,"118":0,"119":0,"120":0,"121":0,"122":0,"123":0,"124":0,"125":0,"126":0,"127":0,"128":0,"129":0,"130":0,"131":0,"132":0,"133":0,"134":0,"135":0,"136":0,"137":0,"138":0,"139":0,"140":0,"141":0,"142":0,"143":0,"144":0,"145":0,"146":0,"147":0,"148":0,"149":0,"150":0,"151":0,"152":0,"153":0,"154":0,"155":0,"156":0,"157":0,"158":0,"159":0,"160":0,"161":0,"162":1,"163":1},"b":{"1":[0,0],"2":[0,0],"3":[0,0],"4":[0,0],"5":[0,0],"6":[0,0],"7":[0,0],"8":[0,0],"9":[0,0],"10":[0,0],"11":[0,0],"12":[0,0],"13":[0,0],"14":[0,0],"15":[0,0],"16":[0,0],"17":[0,0,0,0],"18":[0,0],"19":[0,0]},"f":{"1":0,"2":0,"3":0,"4":0,"5":0,"6":0,"7":0,"8":0,"9":0,"10":0,"11":0,"12":0,"13":0,"14":0,"15":0,"16":0,"17":0,"18":0,"19":0,"20":0,"21":0,"22":0,"23":0,"24":0,"25":0,"26":0,"27":0,"28":0,"29":0,"30":0,"31":0,"32":0,"33":0},"fnMap":{"1":{"name":"server","line":10,"loc":{"start":{"line":10,"column":0},"end":{"line":10,"column":32}}},"2":{"name":"(anonymous_2)","line":36,"loc":{"start":{"line":36,"column":19},"end":{"line":36,"column":36}}},"3":{"name":"(anonymous_3)","line":42,"loc":{"start":{"line":42,"column":19},"end":{"line":42,"column":30}}},"4":{"name":"(anonymous_4)","line":46,"loc":{"start":{"line":46,"column":19},"end":{"line":46,"column":40}}},"5":{"name":"(anonymous_5)","line":50,"loc":{"start":{"line":50,"column":13},"end":{"line":50,"column":26}}},"6":{"name":"(anonymous_6)","line":84,"loc":{"start":{"line":84,"column":19},"end":{"line":84,"column":38}}},"7":{"name":"(anonymous_7)","line":88,"loc":{"start":{"line":88,"column":15},"end":{"line":88,"column":34}}},"8":{"name":"(anonymous_8)","line":103,"loc":{"start":{"line":103,"column":17},"end":{"line":103,"column":30}}},"9":{"name":"(anonymous_9)","line":107,"loc":{"start":{"line":107,"column":17},"end":{"line":107,"column":27}}},"10":{"name":"(anonymous_10)","line":114,"loc":{"start":{"line":114,"column":11},"end":{"line":114,"column":21}}},"11":{"name":"(anonymous_11)","line":118,"loc":{"start":{"line":118,"column":39},"end":{"line":118,"column":61}}},"12":{"name":"(anonymous_12)","line":127,"loc":{"start":{"line":127,"column":25},"end":{"line":127,"column":41}}},"13":{"name":"(anonymous_13)","line":132,"loc":{"start":{"line":132,"column":24},"end":{"line":132,"column":36}}},"14":{"name":"(anonymous_14)","line":144,"loc":{"start":{"line":144,"column":20},"end":{"line":144,"column":39}}},"15":{"name":"(anonymous_15)","line":153,"loc":{"start":{"line":153,"column":16},"end":{"line":153,"column":39}}},"16":{"name":"Device","line":168,"loc":{"start":{"line":168,"column":0},"end":{"line":168,"column":46}}},"17":{"name":"init","line":187,"loc":{"start":{"line":187,"column":1},"end":{"line":187,"column":16}}},"18":{"name":"(anonymous_18)","line":194,"loc":{"start":{"line":194,"column":16},"end":{"line":194,"column":31}}},"19":{"name":"(anonymous_19)","line":218,"loc":{"start":{"line":218,"column":20},"end":{"line":218,"column":48}}},"20":{"name":"(anonymous_20)","line":246,"loc":{"start":{"line":246,"column":22},"end":{"line":246,"column":42}}},"21":{"name":"(anonymous_21)","line":250,"loc":{"start":{"line":250,"column":25},"end":{"line":250,"column":50}}},"22":{"name":"(anonymous_22)","line":259,"loc":{"start":{"line":259,"column":15},"end":{"line":259,"column":25}}},"23":{"name":"(anonymous_23)","line":268,"loc":{"start":{"line":268,"column":13},"end":{"line":268,"column":32}}},"24":{"name":"(anonymous_24)","line":293,"loc":{"start":{"line":293,"column":22},"end":{"line":293,"column":42}}},"25":{"name":"(anonymous_25)","line":307,"loc":{"start":{"line":307,"column":25},"end":{"line":307,"column":54}}},"26":{"name":"(anonymous_26)","line":312,"loc":{"start":{"line":312,"column":27},"end":{"line":312,"column":37}}},"27":{"name":"(anonymous_27)","line":315,"loc":{"start":{"line":315,"column":13},"end":{"line":315,"column":26}}},"28":{"name":"(anonymous_28)","line":321,"loc":{"start":{"line":321,"column":15},"end":{"line":321,"column":29}}},"29":{"name":"(anonymous_29)","line":325,"loc":{"start":{"line":325,"column":24},"end":{"line":325,"column":39}}},"30":{"name":"(anonymous_30)","line":335,"loc":{"start":{"line":335,"column":16},"end":{"line":335,"column":26}}},"31":{"name":"(anonymous_31)","line":338,"loc":{"start":{"line":338,"column":16},"end":{"line":338,"column":31}}},"32":{"name":"(anonymous_32)","line":342,"loc":{"start":{"line":342,"column":15},"end":{"line":342,"column":26}}},"33":{"name":"(anonymous_33)","line":345,"loc":{"start":{"line":345,"column":15},"end":{"line":345,"column":29}}}},"statementMap":{"1":{"start":{"line":1,"column":0},"end":{"line":1,"column":25}},"2":{"start":{"line":2,"column":0},"end":{"line":2,"column":46}},"3":{"start":{"line":3,"column":0},"end":{"line":3,"column":24}},"4":{"start":{"line":4,"column":0},"end":{"line":4,"column":34}},"5":{"start":{"line":5,"column":0},"end":{"line":5,"column":36}},"6":{"start":{"line":7,"column":0},"end":{"line":7,"column":36}},"7":{"start":{"line":8,"column":0},"end":{"line":8,"column":36}},"8":{"start":{"line":10,"column":0},"end":{"line":159,"column":1}},"9":{"start":{"line":11,"column":1},"end":{"line":12,"column":36}},"10":{"start":{"line":12,"column":2},"end":{"line":12,"column":36}},"11":{"start":{"line":13,"column":1},"end":{"line":13,"column":25}},"12":{"start":{"line":14,"column":1},"end":{"line":18,"column":3}},"13":{"start":{"line":21,"column":1},"end":{"line":21,"column":36}},"14":{"start":{"line":23,"column":1},"end":{"line":23,"column":23}},"15":{"start":{"line":24,"column":1},"end":{"line":24,"column":19}},"16":{"start":{"line":25,"column":1},"end":{"line":25,"column":17}},"17":{"start":{"line":27,"column":1},"end":{"line":27,"column":21}},"18":{"start":{"line":28,"column":1},"end":{"line":30,"column":3}},"19":{"start":{"line":36,"column":1},"end":{"line":40,"column":3}},"20":{"start":{"line":37,"column":2},"end":{"line":38,"column":76}},"21":{"start":{"line":38,"column":3},"end":{"line":38,"column":76}},"22":{"start":{"line":39,"column":2},"end":{"line":39,"column":32}},"23":{"start":{"line":42,"column":1},"end":{"line":44,"column":3}},"24":{"start":{"line":43,"column":2},"end":{"line":43,"column":29}},"25":{"start":{"line":46,"column":1},"end":{"line":48,"column":3}},"26":{"start":{"line":47,"column":2},"end":{"line":47,"column":37}},"27":{"start":{"line":50,"column":1},"end":{"line":82,"column":3}},"28":{"start":{"line":52,"column":2},"end":{"line":52,"column":39}},"29":{"start":{"line":57,"column":2},"end":{"line":58,"column":101}},"30":{"start":{"line":58,"column":3},"end":{"line":58,"column":101}},"31":{"start":{"line":60,"column":2},"end":{"line":74,"column":3}},"32":{"start":{"line":63,"column":3},"end":{"line":64,"column":83}},"33":{"start":{"line":64,"column":4},"end":{"line":64,"column":83}},"34":{"start":{"line":67,"column":3},"end":{"line":67,"column":72}},"35":{"start":{"line":69,"column":3},"end":{"line":69,"column":41}},"36":{"start":{"line":73,"column":3},"end":{"line":73,"column":51}},"37":{"start":{"line":76,"column":2},"end":{"line":76,"column":33}},"38":{"start":{"line":77,"column":2},"end":{"line":77,"column":36}},"39":{"start":{"line":77,"column":31},"end":{"line":77,"column":36}},"40":{"start":{"line":78,"column":2},"end":{"line":78,"column":26}},"41":{"start":{"line":81,"column":2},"end":{"line":81,"column":260}},"42":{"start":{"line":84,"column":1},"end":{"line":86,"column":3}},"43":{"start":{"line":85,"column":2},"end":{"line":85,"column":28}},"44":{"start":{"line":88,"column":1},"end":{"line":98,"column":3}},"45":{"start":{"line":90,"column":2},"end":{"line":90,"column":44}},"46":{"start":{"line":90,"column":31},"end":{"line":90,"column":44}},"47":{"start":{"line":93,"column":2},"end":{"line":93,"column":49}},"48":{"start":{"line":93,"column":33},"end":{"line":93,"column":49}},"49":{"start":{"line":95,"column":2},"end":{"line":95,"column":32}},"50":{"start":{"line":96,"column":2},"end":{"line":96,"column":19}},"51":{"start":{"line":103,"column":1},"end":{"line":105,"column":3}},"52":{"start":{"line":104,"column":2},"end":{"line":104,"column":30}},"53":{"start":{"line":107,"column":1},"end":{"line":109,"column":3}},"54":{"start":{"line":108,"column":2},"end":{"line":108,"column":20}},"55":{"start":{"line":114,"column":1},"end":{"line":141,"column":4}},"56":{"start":{"line":118,"column":2},"end":{"line":140,"column":23}},"57":{"start":{"line":122,"column":3},"end":{"line":122,"column":81}},"58":{"start":{"line":123,"column":3},"end":{"line":123,"column":39}},"59":{"start":{"line":127,"column":3},"end":{"line":129,"column":6}},"60":{"start":{"line":128,"column":4},"end":{"line":128,"column":40}},"61":{"start":{"line":132,"column":3},"end":{"line":135,"column":6}},"62":{"start":{"line":133,"column":4},"end":{"line":133,"column":73}},"63":{"start":{"line":134,"column":4},"end":{"line":134,"column":43}},"64":{"start":{"line":137,"column":3},"end":{"line":137,"column":42}},"65":{"start":{"line":139,"column":3},"end":{"line":139,"column":39}},"66":{"start":{"line":144,"column":1},"end":{"line":150,"column":3}},"67":{"start":{"line":145,"column":2},"end":{"line":148,"column":3}},"68":{"start":{"line":146,"column":3},"end":{"line":146,"column":36}},"69":{"start":{"line":147,"column":3},"end":{"line":147,"column":38}},"70":{"start":{"line":147,"column":27},"end":{"line":147,"column":38}},"71":{"start":{"line":149,"column":2},"end":{"line":149,"column":15}},"72":{"start":{"line":153,"column":1},"end":{"line":156,"column":3}},"73":{"start":{"line":154,"column":2},"end":{"line":154,"column":40}},"74":{"start":{"line":155,"column":2},"end":{"line":155,"column":16}},"75":{"start":{"line":158,"column":1},"end":{"line":158,"column":13}},"76":{"start":{"line":168,"column":0},"end":{"line":349,"column":1}},"77":{"start":{"line":170,"column":1},"end":{"line":170,"column":25}},"78":{"start":{"line":172,"column":1},"end":{"line":172,"column":25}},"79":{"start":{"line":174,"column":1},"end":{"line":174,"column":31}},"80":{"start":{"line":175,"column":1},"end":{"line":175,"column":28}},"81":{"start":{"line":176,"column":1},"end":{"line":176,"column":39}},"82":{"start":{"line":178,"column":1},"end":{"line":178,"column":18}},"83":{"start":{"line":179,"column":1},"end":{"line":179,"column":25}},"84":{"start":{"line":180,"column":1},"end":{"line":180,"column":29}},"85":{"start":{"line":181,"column":1},"end":{"line":181,"column":19}},"86":{"start":{"line":182,"column":1},"end":{"line":182,"column":20}},"87":{"start":{"line":185,"column":1},"end":{"line":185,"column":8}},"88":{"start":{"line":187,"column":1},"end":{"line":189,"column":2}},"89":{"start":{"line":194,"column":1},"end":{"line":216,"column":4}},"90":{"start":{"line":195,"column":2},"end":{"line":195,"column":51}},"91":{"start":{"line":197,"column":2},"end":{"line":199,"column":3}},"92":{"start":{"line":198,"column":3},"end":{"line":198,"column":71}},"93":{"start":{"line":201,"column":2},"end":{"line":204,"column":3}},"94":{"start":{"line":202,"column":3},"end":{"line":202,"column":83}},"95":{"start":{"line":203,"column":3},"end":{"line":203,"column":10}},"96":{"start":{"line":206,"column":2},"end":{"line":206,"column":105}},"97":{"start":{"line":206,"column":42},"end":{"line":206,"column":105}},"98":{"start":{"line":209,"column":2},"end":{"line":210,"column":36}},"99":{"start":{"line":210,"column":3},"end":{"line":210,"column":36}},"100":{"start":{"line":215,"column":2},"end":{"line":215,"column":54}},"101":{"start":{"line":218,"column":1},"end":{"line":239,"column":3}},"102":{"start":{"line":220,"column":2},"end":{"line":224,"column":3}},"103":{"start":{"line":221,"column":3},"end":{"line":221,"column":49}},"104":{"start":{"line":222,"column":3},"end":{"line":222,"column":113}},"105":{"start":{"line":223,"column":3},"end":{"line":223,"column":16}},"106":{"start":{"line":225,"column":2},"end":{"line":238,"column":3}},"107":{"start":{"line":227,"column":4},"end":{"line":227,"column":41}},"108":{"start":{"line":228,"column":4},"end":{"line":228,"column":10}},"109":{"start":{"line":230,"column":4},"end":{"line":230,"column":32}},"110":{"start":{"line":231,"column":4},"end":{"line":231,"column":10}},"111":{"start":{"line":233,"column":4},"end":{"line":233,"column":41}},"112":{"start":{"line":234,"column":4},"end":{"line":234,"column":10}},"113":{"start":{"line":236,"column":4},"end":{"line":236,"column":59}},"114":{"start":{"line":237,"column":4},"end":{"line":237,"column":10}},"115":{"start":{"line":246,"column":1},"end":{"line":249,"column":3}},"116":{"start":{"line":247,"column":2},"end":{"line":247,"column":52}},"117":{"start":{"line":248,"column":2},"end":{"line":248,"column":60}},"118":{"start":{"line":250,"column":1},"end":{"line":258,"column":3}},"119":{"start":{"line":251,"column":2},"end":{"line":257,"column":3}},"120":{"start":{"line":252,"column":3},"end":{"line":252,"column":84}},"121":{"start":{"line":253,"column":3},"end":{"line":253,"column":21}},"122":{"start":{"line":254,"column":3},"end":{"line":254,"column":37}},"123":{"start":{"line":256,"column":3},"end":{"line":256,"column":93}},"124":{"start":{"line":259,"column":1},"end":{"line":262,"column":3}},"125":{"start":{"line":260,"column":2},"end":{"line":260,"column":21}},"126":{"start":{"line":261,"column":2},"end":{"line":261,"column":24}},"127":{"start":{"line":268,"column":1},"end":{"line":288,"column":3}},"128":{"start":{"line":269,"column":2},"end":{"line":269,"column":55}},"129":{"start":{"line":270,"column":2},"end":{"line":274,"column":3}},"130":{"start":{"line":272,"column":3},"end":{"line":272,"column":72}},"131":{"start":{"line":273,"column":3},"end":{"line":273,"column":16}},"132":{"start":{"line":281,"column":2},"end":{"line":281,"column":99}},"133":{"start":{"line":283,"column":2},"end":{"line":283,"column":31}},"134":{"start":{"line":284,"column":2},"end":{"line":284,"column":36}},"135":{"start":{"line":285,"column":2},"end":{"line":285,"column":37}},"136":{"start":{"line":293,"column":1},"end":{"line":301,"column":3}},"137":{"start":{"line":295,"column":2},"end":{"line":295,"column":64}},"138":{"start":{"line":300,"column":2},"end":{"line":300,"column":68}},"139":{"start":{"line":307,"column":1},"end":{"line":309,"column":3}},"140":{"start":{"line":308,"column":2},"end":{"line":308,"column":59}},"141":{"start":{"line":312,"column":1},"end":{"line":314,"column":3}},"142":{"start":{"line":313,"column":2},"end":{"line":313,"column":16}},"143":{"start":{"line":315,"column":1},"end":{"line":319,"column":3}},"144":{"start":{"line":316,"column":2},"end":{"line":316,"column":29}},"145":{"start":{"line":317,"column":2},"end":{"line":317,"column":29}},"146":{"start":{"line":318,"column":2},"end":{"line":318,"column":63}},"147":{"start":{"line":321,"column":1},"end":{"line":323,"column":3}},"148":{"start":{"line":322,"column":2},"end":{"line":322,"column":54}},"149":{"start":{"line":325,"column":1},"end":{"line":330,"column":3}},"150":{"start":{"line":326,"column":2},"end":{"line":326,"column":36}},"151":{"start":{"line":327,"column":2},"end":{"line":327,"column":31}},"152":{"start":{"line":328,"column":2},"end":{"line":328,"column":20}},"153":{"start":{"line":329,"column":2},"end":{"line":329,"column":78}},"154":{"start":{"line":335,"column":1},"end":{"line":337,"column":3}},"155":{"start":{"line":336,"column":2},"end":{"line":336,"column":19}},"156":{"start":{"line":338,"column":1},"end":{"line":340,"column":3}},"157":{"start":{"line":339,"column":2},"end":{"line":339,"column":19}},"158":{"start":{"line":342,"column":1},"end":{"line":344,"column":3}},"159":{"start":{"line":343,"column":2},"end":{"line":343,"column":18}},"160":{"start":{"line":345,"column":1},"end":{"line":347,"column":3}},"161":{"start":{"line":346,"column":2},"end":{"line":346,"column":17}},"162":{"start":{"line":352,"column":0},"end":{"line":352,"column":24}},"163":{"start":{"line":353,"column":0},"end":{"line":353,"column":48}}},"branchMap":{"1":{"line":11,"type":"if","locations":[{"start":{"line":11,"column":1},"end":{"line":11,"column":1}},{"start":{"line":11,"column":1},"end":{"line":11,"column":1}}]},"2":{"line":37,"type":"if","locations":[{"start":{"line":37,"column":2},"end":{"line":37,"column":2}},{"start":{"line":37,"column":2},"end":{"line":37,"column":2}}]},"3":{"line":57,"type":"if","locations":[{"start":{"line":57,"column":2},"end":{"line":57,"column":2}},{"start":{"line":57,"column":2},"end":{"line":57,"column":2}}]},"4":{"line":60,"type":"if","locations":[{"start":{"line":60,"column":2},"end":{"line":60,"column":2}},{"start":{"line":60,"column":2},"end":{"line":60,"column":2}}]},"5":{"line":63,"type":"if","locations":[{"start":{"line":63,"column":3},"end":{"line":63,"column":3}},{"start":{"line":63,"column":3},"end":{"line":63,"column":3}}]},"6":{"line":77,"type":"if","locations":[{"start":{"line":77,"column":2},"end":{"line":77,"column":2}},{"start":{"line":77,"column":2},"end":{"line":77,"column":2}}]},"7":{"line":90,"type":"if","locations":[{"start":{"line":90,"column":2},"end":{"line":90,"column":2}},{"start":{"line":90,"column":2},"end":{"line":90,"column":2}}]},"8":{"line":93,"type":"if","locations":[{"start":{"line":93,"column":2},"end":{"line":93,"column":2}},{"start":{"line":93,"column":2},"end":{"line":93,"column":2}}]},"9":{"line":147,"type":"if","locations":[{"start":{"line":147,"column":3},"end":{"line":147,"column":3}},{"start":{"line":147,"column":3},"end":{"line":147,"column":3}}]},"10":{"line":197,"type":"if","locations":[{"start":{"line":197,"column":2},"end":{"line":197,"column":2}},{"start":{"line":197,"column":2},"end":{"line":197,"column":2}}]},"11":{"line":197,"type":"binary-expr","locations":[{"start":{"line":197,"column":5},"end":{"line":197,"column":28}},{"start":{"line":197,"column":32},"end":{"line":197,"column":74}}]},"12":{"line":201,"type":"if","locations":[{"start":{"line":201,"column":2},"end":{"line":201,"column":2}},{"start":{"line":201,"column":2},"end":{"line":201,"column":2}}]},"13":{"line":206,"type":"if","locations":[{"start":{"line":206,"column":2},"end":{"line":206,"column":2}},{"start":{"line":206,"column":2},"end":{"line":206,"column":2}}]},"14":{"line":209,"type":"if","locations":[{"start":{"line":209,"column":2},"end":{"line":209,"column":2}},{"start":{"line":209,"column":2},"end":{"line":209,"column":2}}]},"15":{"line":220,"type":"if","locations":[{"start":{"line":220,"column":2},"end":{"line":220,"column":2}},{"start":{"line":220,"column":2},"end":{"line":220,"column":2}}]},"16":{"line":220,"type":"binary-expr","locations":[{"start":{"line":220,"column":5},"end":{"line":220,"column":30}},{"start":{"line":220,"column":34},"end":{"line":220,"column":52}}]},"17":{"line":225,"type":"switch","locations":[{"start":{"line":226,"column":3},"end":{"line":228,"column":10}},{"start":{"line":229,"column":3},"end":{"line":231,"column":10}},{"start":{"line":232,"column":3},"end":{"line":234,"column":10}},{"start":{"line":235,"column":3},"end":{"line":237,"column":10}}]},"18":{"line":251,"type":"if","locations":[{"start":{"line":251,"column":2},"end":{"line":251,"column":2}},{"start":{"line":251,"column":2},"end":{"line":251,"column":2}}]},"19":{"line":270,"type":"if","locations":[{"start":{"line":270,"column":2},"end":{"line":270,"column":2}},{"start":{"line":270,"column":2},"end":{"line":270,"column":2}}]}},"code":["util\t\t\t= require('util');","EventEmitter\t= require('events').EventEmitter;","net\t\t\t\t= require('net');","extend\t\t\t= require('node.extend');","functions\t\t= require('./functions');","","util.inherits(Device, EventEmitter);","util.inherits(server, EventEmitter);","","function server(opts, callback) {","\tif (!(this instanceof server))","\t\treturn new server(opts, callback);","\tEventEmitter.call(this);","\tvar defaults = {","\t\tdebug:\t\t\t\t\t\tfalse,","\t\tport:\t\t\t\t\t\t8080,","\t\tdevice_adapter:\t\t\t\tfalse","\t};","","\t//Merge default options with user options","\tthis.opts = extend(defaults, opts);","","\tvar thisServer = this;","\tthis.devices = [];","\tthis.db = false;","","\tthis.server = false;","\tthis.availableAdapters = {","\t\tTK103:\t\t'./adapters/tk103'","\t};","","\t/****************************","\tSOME FUNCTIONS","\t*****************************/","\t/* */","\tthis.setAdapter = function(adapter){","\t\tif (typeof adapter.adapter != 'function')","\t\t\tthrow 'The adapter needs an adpater() method to start an instance of it';","\t\tthis.device_adapter = adapter;","\t};","","\tthis.getAdapter = function() {","\t\treturn this.device_adapter;","\t};","","\tthis.addAdaptar = function(model, Obj) {","\t\tthis.availableAdapters.push(model);","\t};","","\tthis.init = function(cb) {","\t\t//Set debug","\t\tthisServer.setDebug(this.opts.debug);","","\t\t/*****************************","\t\tDEVICE ADAPTER INITIALIZATION","\t\t******************************/","\t\tif (thisServer.opts.device_adapter === false)","\t\t\tthrow 'The app don\\'t set the device_adapter to use. Which model is sending data to this server?';","","\t\tif (typeof thisServer.opts.device_adapter == 'string') {","","\t\t\t//Check if the selected model has an available adapter registered","\t\t\tif (typeof this.availableAdapters[this.opts.device_adapter] == 'undefined')","\t\t\t\tthrow 'The class adapter for ' + this.opts.device_adapter + ' doesn\\'t exists';","","\t\t\t//Get the adapter","\t\t\tvar adapterFile = (this.availableAdapters[this.opts.device_adapter]);","","\t\t\tthis.setAdapter(require(adapterFile));","","\t\t} else {","\t\t\t//IF THE APP PASS THE ADEPTER DIRECTLY","\t\t\tthisServer.setAdapter(this.opts.device_adapter);","\t\t}","","\t\tthisServer.emit('before_init');","\t\tif (typeof cb == 'function') cb();","\t\tthisServer.emit('init');","","\t\t/* FINAL INIT MESSAGE */","\t\tconsole.log('\\n=================================================\\nFRESHWORK GPS LISTENER running at port ' + thisServer.opts.port + '\\nEXPECTING DEVICE MODEL:  ' + thisServer.getAdapter().model_name + '\\n=================================================\\n');","\t};","","\tthis.addAdaptar = function(model,Obj){","\t\tthis.adapters.push(model);","\t};","","\tthis.do_log = function (msg,from){","\t\t//If debug is disabled, return false","\t\tif(this.getDebug() === false)return false;","","\t\t//If from parameter is not set, default is server.","\t\tif(typeof(from) == \"undefined\")from = \"SERVER\";","","\t\tmsg = \"#\" + from + \": \" + msg;","\t\tconsole.log(msg);","","\t};","","\t/****************************************","\tSOME SETTERS & GETTERS","\t****************************************/","\tthis.setDebug = function(val){","\t\tthis.debug = (val === true);","\t};","","\tthis.getDebug = function(){","\t\treturn this.debug;","\t};","","","","\t//Init app","\tthis.init(function(){","\t\t/*************************************","\t\tAFTER INITIALIZING THE APP...","\t\t*************************************/","\t\tthisServer.server = net.createServer(function (connection) {","\t\t\t//Now we are listening!","","\t\t\t//We create an new device and give the an adapter to parse the incomming messages","\t\t\tconnection.device = new Device(thisServer.getAdapter(),connection,thisServer);","\t\t\tthisServer.devices.push(connection);","","","\t\t\t//Once we receive data...","\t\t\tconnection.on('data', function (data) {","\t\t\t\tconnection.device.emit(\"data\",data);","\t\t\t});","","\t\t\t// Remove the device from the list when it leaves","\t\t\tconnection.on('end', function () {","\t\t\t\tthisServer.devices.splice(thisServer.devices.indexOf(connection), 1);","\t\t\t\tconnection.device.emit(\"disconnected\");","\t\t\t});","","\t\t\tcallback(connection.device,connection);","","\t\t\tconnection.device.emit('connected');","\t\t}).listen(opts.port);","\t});","","\t/* Search a device by ID */","\tthis.find_device = function(device_id){","\t\tfor(var i in this.devices){","\t\t\tvar dev = this.devices[i].device;","\t\t\tif(dev.uid == device_id)return dev;","\t\t}","\t\treturn false;","\t};","","\t/* SEND A MESSAGE TO DEVICE ID X */","\tthis.send_to = function(device_id,msg){","\t\tvar dev = this.find_device(device_id);","\t\tdev.send(msg);","\t};","","\treturn this;","}","","","","/*************************************************************","","                    THE DEVICE CLASS","**************************************************************/","","function Device(adapter,connection,gps_server){","\t/* Inherits EventEmitter class */","\tEventEmitter.call(this);","","\tvar this_device \t= this;","","\tthis.connection \t= connection;","\tthis.server \t\t= gps_server;","\tthis.adapter\t\t= adapter.adapter(this);","","\tthis.uid = false;","\tthis.ip = connection.ip;","\tthis.port = connection.port;","\tthis.name = false;","\tthis.loged = false;","","","\tinit();","\t/* init */","\tfunction init(){","","\t}","","\t/****************************************","\tRECEIVING DATA FROM THE DEVICE","\t****************************************/","\tthis.on(\"data\",function(data) {","\t\tmsg_parts = this_device.adapter.parse_data(data);","","\t\tif(this.getUID() === false && typeof(msg_parts.device_id) == \"undefined\"){","\t\t\tthrow \"The adapter doesn't return the device_id and is not defined\";","\t\t}","","\t\tif(msg_parts === false) { //something bad happened","\t\t\tthis_device.do_log(\"The message (\" + data + \") can't be parsed. Discarding...\");","\t\t\treturn;","\t\t}","","\t\tif(typeof(msg_parts.cmd) == \"undefined\")throw \"The adapter doesn't return the command (cmd) parameter\";","","\t\t//If the UID of the devices it hasn't been setted, do it now.","\t\tif(this.getUID() === false)","\t\t\tthis.setUID(msg_parts.device_id);","","\t\t/************************************","\t\tEXECUTE ACTION","\t\t************************************/","\t\tthis_device.make_action(msg_parts.action,msg_parts);","\t});","","\tthis.make_action = function(action, msg_parts) {","\t\t//If we're not loged","\t\tif(action != \"login_request\" && !this_device.loged){","\t\t\tthis_device.adapter.request_login_to_device();","\t\t\tconsole.log(this_device.getUID()+\" is trying to '\" + action + \"' but it isn't loged. Action wasn't executed\");","\t\t\treturn false;","\t\t}","\t\tswitch(action){","\t\t\tcase \"login_request\":","\t\t\t\tthis_device.login_request(msg_parts);","\t\t\t\tbreak;","\t\t\tcase \"ping\":","\t\t\t\tthis_device.ping(msg_parts);","\t\t\t\tbreak;","\t\t\tcase \"alarm\":","\t\t\t\tthis_device.receive_alarm(msg_parts);","\t\t\t\tbreak;","\t\t\tcase \"other\":","\t\t\t\tthis_device.adapter.run_other(msg_parts.cmd,msg_parts);","\t\t\t\tbreak;","\t\t}","\t};","","","","\t/****************************************","\tLOGIN & LOGOUT","\t****************************************/","\tthis.login_request = function(msg_parts) {","\t\tthis_device.do_log(\"I'm requesting to be loged.\");","\t\tthis_device.emit(\"login_request\",this.getUID(),msg_parts);","\t};","\tthis.login_authorized = function(val, msg_parts) {","\t\tif(val){","\t\t\tthis.do_log(\"Device \" + this_device.getUID() + \" has been authorized. Welcome!\");","\t\t\tthis.loged = true;","\t\t\tthis.adapter.authorize(msg_parts);","\t\t}else{","\t\t\tthis.do_log(\"Device \" + this_device.getUID() + \" not authorized. Login request rejected\");","\t\t}","\t};","\tthis.logout = function(){","\t\tthis.loged = false;","\t\tthis.adapter.logout();","\t};","","","\t/****************************************","\tRECEIVING GPS POSITION FROM THE DEVICE","\t****************************************/","\tthis.ping = function(msg_parts){","\t\tvar gps_data = this.adapter.get_ping_data(msg_parts);","\t\tif(gps_data === false){","\t\t\t//Something bad happened","\t\t\tthis_device.do_log(\"GPS Data can't be parsed. Discarding packet...\");","\t\t\treturn false;","\t\t}","","\t\t/* Needs:","\t\tlatitude, longitude, time","\t\tOptionals:","\t\torientation, speed, mileage, etc */","","\t\tthis_device.do_log(\"Position received ( \" + gps_data.latitude + \",\" + gps_data.longitude + \" )\");","","\t\tgps_data.inserted=new Date();","\t\tgps_data.from_cmd = msg_parts.cmd;","\t\tthis_device.emit(\"ping\", gps_data);","","","\t};","","\t/****************************************","\tRECEIVING ALARM","\t****************************************/","\tthis.receive_alarm = function(msg_parts) {","\t\t//We pass the message parts to the adapter and they have to say wich type of alarm it is.","\t\tvar alarm_data = this_device.adapter.receive_alarm(msg_parts);","\t\t/* Alarm data must return an object with at least:","\t\talarm_type: object with this format:","\t\t\t{'code':'sos_alarm','msg'
[...]
},"end":{"line":112,"column":98}}]},"11":{"line":116,"type":"if","locations":[{"start":{"line":116,"column":1},"end":{"line":116,"column":1}},{"start":{"line":116,"column":1},"end":{"line":116,"column":1}}]}},"code":["/*****************************************","FUNCTIONS ","******************************************/","exports.rad = function(x) {","  return x * Math.PI / 180;","};","","/*","@param p1: {lat:X,lng:Y}","@param p2: {lat:X,lng:Y}","*/","exports.get_distance = function(p1, p2) {","\tvar R = 6378137; // Earth’s mean radius in meter","\tvar dLat = exports.rad(p2.lat - p1.lat);","\tvar dLong = exports.rad(p2.lng - p1.lng);","\tvar a = Math.sin(dLat / 2) * Math.sin(dLat / 2) +","\tMath.cos(exports.rad(p1.lat)) * Math.cos(exports.rad(p2.lat)) *","\tMath.sin(dLong / 2) * Math.sin(dLong / 2);","\tvar c = 2 * Math.atan2(Math.sqrt(a), Math.sqrt(1 - a));","\tvar d = R * c;","\treturn d; // returns the distance in meter","};","","exports.send = function(socket,msg){","\tsocket.write(msg);","\tconsole.log(\"Sending to \"+socket.name+\": \"+msg);","}","","exports.parse_data = function(data){","\tdata = data.replace(/(\\r\\n|\\n|\\r)/gm,\"\"); //Remove 3 type of break lines","\tvar cmd_start = data.indexOf(\"B\"); //al the incomming messages has a cmd starting with 'B'","\tif(cmd_start > 13)throw \"Device ID is longer than 12 chars!\";","\tvar parts={","\t\t\"start\" \t\t: data.substr(0,1),","\t\t\"device_id\" \t: data.substring(1,cmd_start),","\t\t\"cmd\" \t\t\t: data.substr(cmd_start,4),","\t\t\"data\" \t\t\t: data.substring(cmd_start+4,data.length-1),","\t\t\"finish\" \t\t: data.substr(data.length-1,1)","\t};","\treturn parts;","}","exports.parse_gps_data = function(str){","\tvar data = {","\t\t\"date\"\t\t\t: str.substr(0,6),","\t\t\"availability\"\t: str.substr(6,1),","\t\t\"latitude\"\t\t: gps_minute_to_decimal(parseFloat(str.substr(7,9))),","\t\t\"latitude_i\"\t: str.substr(16,1),","\t\t\"longitude\"\t: gps_minute_to_decimal(parseFloat(str.substr(17,9))),","\t\t\"longitude_i\"\t: str.substr(27,1),","\t\t\"speed\"\t\t\t: str.substr(28,5),","\t\t\"time\"\t\t\t: str.substr(33,6),","\t\t\"orientation\"\t: str.substr(39,6),","\t\t\"io_state\"\t\t: str.substr(45,8),","\t\t\"mile_post\"\t: str.substr(53,1),","\t\t\"mile_data\"\t: parseInt(str.substr(54,8),16)","\t};","\treturn data;\t","}","","exports.send_to = function(socket,cmd,data){","\tif(typeof(socket.device_id) == \"undefined\")throw \"The socket is not paired with a device_id yet\";","\tvar str = gps_format.start;","\tstr += socket.device_id+gps_format.separator+cmd;","\tif(typeof(data) != \"undefined\")str += gps_format.separator+data;","\tstr += gps_format.end;","\tsend(socket,str);","\t//Example: (<DEVICE_ID>|<CMD>|<DATA>) - separator: | ,start: (, end: )","}","","exports.minute_to_decimal = function(pos,pos_i){","\tif(typeof(pos_i) == \"undefined\")pos_i = \"N\";","\tvar dg = parseInt(pos/100);","\tvar minutes = pos-(dg*100);","\tvar res = (minutes/60)+dg;","\treturn (pos_i.toUpperCase()==\"S\" || pos_i.toUpperCase()==\"W\")?res*-1:res;\t","}","","// Send a message to all clients","exports.broadcast = function(message, sender) {","\tclients.forEach(function (client) {","\t  if (client === sender) return;","\t  client.write(message);","\t});","\tprocess.stdout.write(message+\"\\n\");","}","exports.data_to_hex_array = function(data){","\t\tvar arr = [];","\t\tfor (var i  = 0; i < data.length; i++)arr.push( data[i].toString(16));","\t\treturn arr;","\t}","\t/* RETRUN AN INTEGER FROM A HEX CHAR OR integer */","exports.hex_to_int = function(hex_char){","\treturn parseInt(hex_char,16);","}","exports.sum_hex_array = function(hex_array){","\tvar sum = 0;","\tfor(var i in hex_array)sum+=exports.hex_to_int(hex_array[i]);","\treturn sum;","}","exports.hex_array_to_hex_str = function(hex_array){","\tvar str = \"\";","\tfor(var i in hex_array){","\t\tvar char;","\t\tif(typeof(hex_array[i]) == \"number\")char = hex_array[i].toString(16)","\t\telse char = hex_array[i].toString();","\t\tstr += exports.str_pad(char,2,'0');","\t}","\treturn str;","}","exports.str_pad = function(input, length, string) {","\tstring = string || '0'; input = input + '';","\treturn input.length >= length ? input : new Array(length - input.length + 1).join(string) + input;","}","exports.crc_itu_get_verification = function(hex_data){","\tvar crc16 = require(\"crc-itu\").crc16;","\tif(typeof(hex_data) == \"String\")str = hex_data","\telse str = exports.hex_array_to_hex_str(hex_data);","\treturn crc16(str, 'hex');","}"],"l":{"4":1,"5":0,"12":1,"13":0,"14":0,"15":0,"16":0,"19":0,"20":0,"21":0,"24":1,"25":0,"26":0,"29":1,"30":0,"31":0,"32":0,"33":0,"40":0,"42":1,"43":0,"57":0,"60":1,"61":0,"62":0,"63":0,"64":0,"65":0,"66":0,"70":1,"71":0,"72":0,"73":0,"74":0,"75":0,"79":1,"80":0,"81":0,"82":0,"84":0,"86":1,"87":0,"88":0,"89":0,"92":1,"93":0,"95":1,"96":0,"97":0,"98":0,"100":1,"101":0,"102":0,"103":0,"104":0,"105":0,"106":0,"108":0,"110":1,"111":0,"112":0,"114":1,"115":0,"116":0,"117":0,"118":0}},"/home/travis/build/npmtest/node-npmtest-gps-tracking/node_modules/gps-tracking/lib/adapters/tk103.js":{"path":"/home/travis/build/npmtest/node-npmtest-gps-tracking/node_modules/gps-tracking/lib/adapters/tk103.js","s":{"1":1,"2":1,"3":1,"4":1,"5":1,"6":0,"7":0,"8":0,"9":0,"10":0,"11":0,"12":0,"13":0,"14":0,"15":0,"16":0,"17":0,"18":0,"19":0,"20":0,"21":0,"22":0,"23":0,"24":0,"25":0,"26":0,"27":0,"28":0,"29":0,"30":0,"31":0,"32":0,"33":0,"34":0,"35":0,"36":0,"37":0,"38":0,"39":0,"40":0,"41":0,"42":0,"43":0,"44":0,"45":0,"46":0,"47":0,"48":0,"49":0,"50":0,"51":0,"52":0,"53":0,"54":0,"55":0,"56":0,"57":0,"58":0,"59":0,"60":0,"61":0,"62":0,"63":0,"64":0,"65":0,"66":0,"67":0,"68":0,"69":0,"70":0,"71":0,"72":0,"73":0,"74":0,"75":0,"76":0,"77":1},"b":{"1":[0,0],"2":[0,0],"3":[0,0,0,0],"4":[0],"5":[0,0,0,0,0,0,0],"6":[0,0],"7":[0,0]},"f":{"1":0,"2":0,"3":0,"4":0,"5":0,"6":0,"7":0,"8":0,"9":0,"10":0},"fnMap":{"1":{"name":"(anonymous_1)","line":8,"loc":{"start":{"line":8,"column":14},"end":{"line":8,"column":30}}},"2":{"name":"(anonymous_2)","line":21,"loc":{"start":{"line":21,"column":19},"end":{"line":21,"column":33}}},"3":{"name":"(anonymous_3)","line":48,"loc":{"start":{"line":48,"column":17},"end":{"line":48,"column":27}}},"4":{"name":"(anonymous_4)","line":51,"loc":{"start":{"line":51,"column":18},"end":{"line":51,"column":41}}},"5":{"name":"(anonymous_5)","line":59,"loc":{"start":{"line":59,"column":32},"end":{"line":59,"column":42}}},"6":{"name":"(anonymous_6)","line":63,"loc":{"start":{"line":63,"column":22},"end":{"line":63,"column":41}}},"7":{"name":"(anonymous_7)","line":98,"loc":{"start":{"line":98,"column":22},"end":{"line":98,"column":41}}},"8":{"name":"(anonymous_8)","line":127,"loc":{"start":{"line":127,"column":25},"end":{"line":127,"column":52}}},"9":{"name":"(anonymous_9)","line":141,"loc":{"start":{"line":141,"column":20},"end":{"line":141,"column":38}}},"10":{"name":"(anonymous_10)","line":145,"loc":{"start":{"line":145,"column":20},"end":{"line":145,"column":36}}}},"statementMap":{"1":{"start":{"line":2,"column":0},"end":{"line":2,"column":28}},"2":{"start":{"line":4,"column":0},"end":{"line":4,"column":26}},"3":{"start":{"line":5,"column":0},"end":{"line":5,"column":27}},"4":{"start":{"line":6,"column":0},"end":{"line":6,"column":47}},"5":{"start":{"line":8,"column":0},"end":{"line":158,"column":1}},"6":{"start":{"line":9,"column":1},"end":{"line":9,"column":59}},"7":{"start":{"line":9,"column":32},"end":{"line":9,"column":59}},"8":{"start":{"line":11,"column":1},"end":{"line":11,"column":53}},"9":{"start":{"line":12,"column":1},"end":{"line":12,"column":22}},"10":{"start":{"line":21,"column":1},"end":{"line":47,"column":2}},"11":{"start":{"line":22,"column":2},"end":{"line":22,"column":25}},"12":{"start":{"line":23,"column":2},"end":{"line":23,"column":36}},"13":{"start":{"line":24,"column":2},"end":{"line":24,"column":63}},"14":{"start":{"line":24,"column":20},"end":{"line":24,"column":63}},"15":{"start":{"line":25,"column":2},"end":{"line":31,"column":4}},"16":{"start":{"line":32,"column":2},"end":{"line":44,"column":3}},"17":{"start":{"line":34,"column":4},"end":{"line":34,"column":33}},"18":{"start":{"line":35,"column":4},"end":{"line":35,"column":10}},"19":{"start":{"line":37,"column":4},"end":{"line":37,"column":24}},"20":{"start":{"line":38,"column":4},"end":{"line":38,"column":10}},"21":{"start":{"line":40,"column":4},"end":{"line":40,"column":25}},"22":{"start":{"line":41,"column":4},"end":{"line":41,"column":10}},"23":{"start":{"line":43,"column":4},"end":{"line":43,"column":25}},"24":{"start":{"line":46,"column":2},"end":{"line":46,"column":15}},"25":{"start":{"line":48,"column":1},"end":{"line":50,"column":2}},"26":{"start":{"line":49,"column":2},"end":{"line":49,"column":27}},"27":{"start":{"line":51,"column":1},"end":{"line":57,"column":2}},"28":{"start":{"line":52,"column":2},"end":{"line":56,"column":3}},"29":{"start":{"line":54,"column":4},"end":{"line":54,"column":66}},"30":{"start":{"line":55,"column":4},"end":{"line":55,"column":10}},"31":{"start":{"line":59,"column":1},"end":{"line":61,"column":2}},"32":{"start":{"line":63,"column":1},"end":{"line":95,"column":2}},"33":{"start":{"line":68,"column":2},"end":{"line":68,"column":42}},"34":{"start":{"line":69,"column":2},"end":{"line":69,"column":16}},"35":{"start":{"line":70,"column":2},"end":{"line":92,"column":3}},"36":{"start":{"line":72,"column":4},"end":{"line":72,"column":59}},"37":{"start":{"line":73,"column":4},"end":{"line":73,"column":10}},"38":{"start":{"line":75,"column":4},"end":{"line":75,"column":71}},"39":{"start":{"line":76,"column":4},"end":{"line":76,"column":10}},"40":{"start":{"line":78,"column":4},"end":{"line":78,"column":57}},"41":{"start":{"line":79,"column":4},"end":{"line":79,"column":10}},"42":{"start":{"line":81,"column":4},"end":{"line":81,"column":78}},"43":{"start":{"line":82,"column":4},"end":{"line":82,"column":10}},"44":{"start":{"line":84,"column":4},"end":{"line":84,"column":79}},"45":{"start":{"line":85,"column":4},"end":{"line":85,"column":10}},"46":{"start":{"line":87,"column":4},"end":{"line":87,"column":78}},"47":{"start":{"line":88,"column":4},"end":{"line":88,"column":10}},"48":{"start":{"line":90,"column":4},"end":{"line":90,"column":58}},"49":{"start":{"line":91,"column":4},"end":{"line":91,"column":10}},"50":{"start":{"line":93,"column":2},"end":{"line":93,"column":49}},"51":{"start":{"line":94,"column":2},"end":{"line":94,"column":14}},"52":{"start":{"line":98,"column":1},"end":{"line":124,"column":2}},"53":{"start":{"line":99,"column":2},"end":{"line":99,"column":27}},"54":{"start":{"line":100,"column":2},"end":{"line":111,"column":4}},"55":{"start":{"line":112,"column":2},"end":{"line":112,"column":96}},"56":{"start":{"line":113,"column":2},"end":{"line":113,"column":91}},"57":{"start":{"line":114,"column":2},"end":{"line":114,"column":35}},"58":{"start":{"line":115,"column":2},"end":{"line":122,"column":3}},"59":{"start":{"line":123,"column":2},"end":{"line":123,"column":13}},"60":{"start":{"line":127,"column":1},"end":{"line":137,"column":2}},"61":{"start":{"line":133,"column":2},"end":{"line":133,"column":38}},"62":{"start":{"line":134,"column":2},"end":{"line":134,"column":51}},"63":{"start":{"line":135,"column":2},"end":{"line":135,"column":127}},"64":{"start":{"line":136,"column":2},"end":{"line":136,"column":32}},"65":{"start":{"line":141,"column":1},"end":{"line":144,"column":2}},"66":{"start":{"line":142,"column":2},"end":{"line":142,"column":39}},"67":{"start":{"line":143,"column":2},"end":{"line":143,"column":42}},"68":{"start":{"line":145,"column":1},"end":{"line":157,"column":2}},"69":{"start":{"line":147,"column":2},"end":{"line":147,"column":30}},"70":{"start":{"line":148,"column":2},"end":{"line":154,"column":3}},"71":{"start":{"line":149,"column":3},"end":{"line":149,"column":14}},"72":{"start":{"line":150,"column":8},"end":{"line":154,"column":3}},"73":{"start":{"line":151,"column":3},"end":{"line":151,"column":45}},"74":{"start":{"line":153,"column":3},"end":{"line":153,"column":79}},"75":{"start":{"line":155,"column":2},"end":{"line":155,"column":24}},"76":{"start":{"line":156,"column":2},"end":{"line":156,"column":13}},"77":{"start":{"line":159,"column":0},"end":{"line":159,"column":26}}},"branchMap":{"1":{"line":9,"type":"if","locations":[{"start":{"line":9,"column":1},"end":{"line":9,"column":1}},{"start":{"line":9,"column":1},"end":{"line":9,"column":1}}]},"2":{"line":24,"type":"if","locations":[{"start":{"line":24,"column":2},"end":{"line":24,"column":2}},{"start":{"line":24,"column":2},"end":{"line":24,"column":2}}]},"3":{"line":32,"type":"switch","locations":[{"start":{"line":33,"column":3},"end":{"line":35,"column":10}},{"start":{"line":36,"column":3},"end":{"line":38,"column":10}},{"start":{"line":39,"column":3},"end":{"line":41,"column":10}},{"start":{"line":42,"column":3},"end":{"line":43,"column":25}}]},"4":{"line":52,"type":"switch","locations":[{"start":{"line":53,"column":3},"end":{"line":55,"column":10}}]},"5":{"line":70,"type":"switch","locations":[{"start":{"line":71,"column":3},"end":{"line":73,"column":10}},{"start":{"line":74,"column":3},"end":{"line":76,"column":10}},{"start":{"line":77,"column":3},"end":{"line":79,"column":10}},{"start":{"line":80,"column":3},"end":{"line":82,"column":10}},{"start":{"line":83,"column":3},"end":{"line":85,"column":10}},{"start":{"line":86,"column":3},"end":{"line":88,"column":10}},{"start":{"line":89,"column":3},"end":{"line":91,"column":10}}]},"6":{"line":148,"type":"if","locations":[{"start":{"line":148,"column":2},"end":{"line":148,"column":2}},{"start":{"line":148,"column":2},"end":{"line":148,"column":2}}]},"7":{"line":150,"type":"if","locations":[{"start":{"line":150,"column":8},"end":{"line":150,"column":8}},{"start":{"line":150,"column":8},"end":{"line":150,"column":8}}]}},"code":["/* */","f = require(\"../functions\");","","exports.protocol=\"GPS103\";","exports.model_name=\"TK103\";","exports.compatible_hardware=[\"TK103/supplier\"];","","var adapter = function(device){","\tif(!(this instanceof adapter)) return new adapter(device);","\t","\tthis.format = {\"start\":\"(\",\"end\":\")\",\"separator\":\"\"}","\tthis.device = device;","\t","\t/*******************************************","\tPARSE THE INCOMING STRING FROM THE DECIVE ","\tYou must return an object with a least: device_id, cmd and type.","\treturn device_id: The device_id","\treturn cmd: command from the device.","\treturn type: login_request, ping, etc. ","\t*******************************************/","\tthis.parse_data = function(data){","\t\tdata = data.toString();","\t\tvar cmd_start = data.indexOf(\"B\"); //al the incomming messages has a cmd starting with 'B'","\t\tif(cmd_start > 13)throw \"Device ID is longer than 12 chars!\";","\t\tvar parts={","\t\t\t\"start\" \t\t: data.substr(0,1), ","\t\t\t\"device_id\" \t: data.substring(1,cmd_start),//mandatory","\t\t\t\"cmd\" \t\t\t: data.substr(cmd_start,4), //mandatory","\t\t\t\"data\" \t\t\t: data.substring(cmd_start+4,data.length-1),","\t\t\t\"finish\" \t\t: data.substr(data.length-1,1)","\t\t};","\t\tswitch(parts.cmd){","\t\t\tcase \"BP05\":","\t\t\t\tparts.action=\"login_request\";\t","\t\t\t\tbreak;","\t\t\tcase \"BR00\":","\t\t\t\tparts.action=\"ping\";","\t\t\t\tbreak;","\t\t\tcase \"BO01\":","\t\t\t\tparts.action=\"alarm\";","\t\t\t\tbreak;","\t\t\tdefault:","\t\t\t\tparts.action=\"other\";","\t\t}","\t\t","\t\treturn parts;","\t}","\tthis.authorize =function(){","\t\tthis.send_comand(\"AP05\");","\t}","\tthis.run_other = function(cmd,msg_parts){","\t\tswitch(cmd){","\t\t\tcase \"BP00\": //Handshake","\t\t\t\tthis.device.send(this.format_data(this.device.uid+\"AP01HSO\"));","\t\t\t\tbreak;","\t\t}","\t}","\t","\tthis.request_login_to_device = function(){","\t\t//@TODO: Implement this.\t","\t}","\t","\tthis.receive_alarm = function(msg_parts){","\t\t//@TODO: implement this","\t\t","\t\t//Maybe we can save the gps data too.","\t\t//gps_data = msg_parts.data.substr(1);","\t\talarm_code = msg_parts.data.substr(0,1);","\t\talarm = false;","\t\tswitch(alarm_code.toString()){","\t\t\tcase \"0\":","\t\t\t\talarm = {\"code\":\"power_off\",\"msg\":\"Vehicle Power Off\"};","\t\t\t\tbreak;","\t\t\tcase \"1\":","\t\t\t\talarm = {\"code\":\"accident\",\"msg\":\"The vehicle suffers an acciden\"};","\t\t\t\tbreak;","\t\t\tcase \"2\":","\t\t\t\talarm = {\"code\":\"sos\",\"msg\":\"Driver sends a S.O.S.\"};","\t\t\t\tbreak;","\t\t\tcase \"3\":","\t\t\t\talarm = {\"code\":\"alarming\",\"msg\":\"The alarm of the vehicle is activated\"};","\t\t\t\tbreak;","\t\t\tcase \"4\":","\t\t\t\talarm = {\"code\":\"low_speed\",\"msg\":\"Vehicle is below the min speed setted\"};","\t\t\t\tbreak;","\t\t\tcase \"5\":","\t\t\t\talarm = {\"code\":\"overspeed\",\"msg\":\"Vehicle is over the max speed setted\"};","\t\t\t\tbreak;","\t\t\tcase \"6\":","\t\t\t\talarm = {\"code\":\"gep_fence\",\"msg\":\"Out of geo fence\"};","\t\t\t\tbreak;","\t\t}","\t\tthis.send_comand(\"AS01\",alarm_code.toString());","\t\treturn alarm","\t}","\t","\t","\tthis.get_ping_data = function(msg_parts){","\t\tvar str = msg_parts.data;","\t\tvar data = {","\t\t\t\"date\"\t\t\t: str.substr(0,6),","\t\t\t\"availability\"\t: str.substr(6,1),","\t\t\t\"latitude\"\t\t: functions.minute_to_decimal(parseFloat(str.substr(7,9)),str.substr(16,1)),","\t\t\t\"longitude\"\t: functions.minute_to_decimal(parseFloat(str.substr(17,9)),str.substr(27,1)),","\t\t\t\"speed\"\t\t\t: parseFloat(str.substr(28,5)),","\t\t\t\"time\"\t\t\t: str.substr(33,6),","\t\t\t\"orientation\"\t: str.substr(39,6),","\t\t\t\"io_state\"\t\t: str.substr(45,8),","\t\t\t\"mile_post\"\t: str.substr(53,1),","\t\t\t\"mile_data\"\t: parseInt(str.substr(54,8),16)","\t\t};","\t\tvar datetime = \"20\"+data.date.substr(0,2)+\"/\"+data.date.substr(2,2)+\"/\"+data.date.substr(4,2);","\t\tdatetime += \" \"+data.time.substr(0,2)+\":\"+data.time.substr(2,2)+\":\"+data.time.substr(4,2)","\t\tdata.datetime=new Date(datetime);","\t\tres = {","\t\t\tlatitude\t\t: data.latitude,","\t\t\tlongitude\t\t: data.longitude,","\t\t\ttime\t\t\t: new Date(data.date+\" \"+data.time),","\t\t\tspeed\t\t\t: data.speed,","\t\t\torientation\t: data.orientation,","\t\t\tmileage\t\t\t: data.mile_data","\t\t}","\t\treturn res;\t","\t}","\t","\t/* SET REFRESH TIME */","\tthis.set_refresh_time = function(interval,duration){","\t\t//XXXXYYZZ","\t\t//XXXX Hex interval for each message in seconds","\t\t//YYZZ Total time for feedback","\t\t//YY Hex hours","\t\t//ZZ Hex minutes","\t\tvar hours = parseInt(duration/3600);","\t\tvar minutes = parseInt((duration-hours*3600)/60);","\t\tvar time = f.str_pad(interval.toString(16),4,'0')+ f.str_pad(hours.toString(16),2,'0')+ f.str_pad(minutes.toString(16),2,'0')","\t\tthis.send_comand(\"AR00\",time);","\t}","\t","\t/* INTERNAL FUNCTIONS */","\t","\tthis.send_comand = function(cmd,data){","\t\tvar msg = [this.device.uid,cmd,data];","\t\tthis.device.send(this.format_data(msg));","\t}","\tthis.format_data = function(params){","\t\t/* FORMAT THE DATA TO BE SENT */","\t\tvar str = this.format.start;","\t\tif(typeof(params) == \"string\"){","\t\t\tstr+=params","\t\t}else if(params instanceof Array){","\t\t\tstr += params.join(this.format.separator);","\t\t}else{","\t\t\tthrow \"The parameters to send to the device has to be a string or an array\";","\t\t}","\t\tstr+= this.format.end;","\t\treturn str;\t","\t}","}","exports.adapter = adapter;",""],"l":{"2":1,"4":1,"5":1,"6":1,"8":1,"9":0,"11":0,"12":0,"21":0,"22":0,"23":0,"24":0,"25":0,"32":0,"34":0,"35":0,"37":0,"38":0,"40":0,"41":0,"43":0,"46":0,"48":0,"49":0,"51":0,"52":0,"54":0,"55":0,"59":0,"63":0,"68":0,"69":0,"70":0,"72":0,"73":0,"75":0,"76":0,"78":0,"79":0,"81":0,"82":0,"84":0,"85":0,"87":0,"88":0,"90":0,"91":0,"93":0,"94":0,"98":0,"99":0,"100":0,"112":0,"113":0,"114":0,"115":0,"123":0,"127":0,"133":0,"134":0,"135":0,"136":0,"141":0,"142":0,"143":0,"145":0,"147":0,"148":0,"149":0,"150":0,"151":0,"153":0,"155":0,"156":0,"159":1}}}